---------------------------------------------------------------
[ 2017-06-01T11:24:55+08:00 ] ::1 ::1 GET /YZNCMS/
[ info ] localhost/YZNCMS/ [运行时间：0.062003s][吞吐率：16.13req/s] [内存消耗：1,398.53kb] [文件加载：38]
[ info ] [ LANG ] D:\phpStudy\WWW\YZNCMS\thinkphp\lang\zh-cn.php
[ info ] [ ROUTE ] array (
  'type' => 'module',
  'module' => 
  array (
    0 => '',
    1 => NULL,
    2 => NULL,
  ),
)
[ info ] [ HEADER ] array (
  'host' => 'localhost',
  'connection' => 'keep-alive',
  'cache-control' => 'max-age=0',
  'upgrade-insecure-requests' => '1',
  'user-agent' => 'Mozilla/5.0 (Windows NT 6.1; WOW64) AppleWebKit/537.36 (KHTML, like Gecko) Chrome/58.0.3029.110 Safari/537.36',
  'accept' => 'text/html,application/xhtml+xml,application/xml;q=0.9,image/webp,*/*;q=0.8',
  'accept-encoding' => 'gzip, deflate, sdch, br',
  'accept-language' => 'zh-CN,zh;q=0.8',
  'cookie' => 'thinkphp_show_page_trace=0|0; PHPSESSID=lacm92eroijn9b2lvllb7p4gf5; pgv_pvi=5218214912; pgv_si=s5513779200; bgColorSelectorPosition=37; menuid=5',
)
[ info ] [ PARAM ] array (
)
[ info ] [ RUN ] app\home\controller\Index->index[ D:\phpStudy\WWW\YZNCMS\apps\home\controller\Index.php ]
[ info ] [ VIEW ] D:\phpStudy\WWW\YZNCMS/apps/home\view\index\index.html [ array (
) ]
[ info ] [ LOG ] INIT File
[ error ] [0]模板文件不存在:D:\phpStudy\WWW\YZNCMS/apps/home\view\public\index_layout.html[D:\phpStudy\WWW\YZNCMS\thinkphp\library\think\Template.php:1086]
---------------------------------------------------------------
[ 2017-06-01T16:16:20+08:00 ] ::1 ::1 GET /YZNCMS/
[ info ] localhost/YZNCMS/ [运行时间：0.049003s][吞吐率：20.41req/s] [内存消耗：1,395.09kb] [文件加载：38]
[ info ] [ LANG ] D:\phpStudy\WWW\YZNCMS\thinkphp\lang\zh-cn.php
[ info ] [ ROUTE ] array (
  'type' => 'module',
  'module' => 
  array (
    0 => '',
    1 => NULL,
    2 => NULL,
  ),
)
[ info ] [ HEADER ] array (
  'host' => 'localhost',
  'connection' => 'keep-alive',
  'cache-control' => 'max-age=0',
  'upgrade-insecure-requests' => '1',
  'user-agent' => 'Mozilla/5.0 (Windows NT 6.1; WOW64) AppleWebKit/537.36 (KHTML, like Gecko) Chrome/58.0.3029.110 Safari/537.36',
  'accept' => 'text/html,application/xhtml+xml,application/xml;q=0.9,image/webp,*/*;q=0.8',
  'accept-encoding' => 'gzip, deflate, sdch, br',
  'accept-language' => 'zh-CN,zh;q=0.8',
  'cookie' => 'thinkphp_show_page_trace=0|0; PHPSESSID=lacm92eroijn9b2lvllb7p4gf5; pgv_pvi=5218214912; pgv_si=s5513779200; bgColorSelectorPosition=37; menuid=5',
)
[ info ] [ PARAM ] array (
)
[ info ] [ RUN ] app\home\controller\Index->index[ D:\phpStudy\WWW\YZNCMS\apps\home\controller\Index.php ]
[ info ] [ LOG ] INIT File
[ error ] [0]模板文件不存在:D:\phpStudy\WWW\YZNCMS/apps/home\view\index\index.tpl.php[D:\phpStudy\WWW\YZNCMS\thinkphp\library\think\view\driver\Think.php:80]
---------------------------------------------------------------
[ 2017-06-01T16:16:20+08:00 ] ::1 ::1 GET /YZNCMS/
[ info ] localhost/YZNCMS/ [运行时间：0.042003s][吞吐率：23.81req/s] [内存消耗：1,395.07kb] [文件加载：38]
[ info ] [ LANG ] D:\phpStudy\WWW\YZNCMS\thinkphp\lang\zh-cn.php
[ info ] [ ROUTE ] array (
  'type' => 'module',
  'module' => 
  array (
    0 => '',
    1 => NULL,
    2 => NULL,
  ),
)
[ info ] [ HEADER ] array (
  'host' => 'localhost',
  'connection' => 'keep-alive',
  'cache-control' => 'max-age=0',
  'upgrade-insecure-requests' => '1',
  'user-agent' => 'Mozilla/5.0 (Windows NT 6.1; WOW64) AppleWebKit/537.36 (KHTML, like Gecko) Chrome/58.0.3029.110 Safari/537.36',
  'accept' => 'text/html,application/xhtml+xml,application/xml;q=0.9,image/webp,*/*;q=0.8',
  'accept-encoding' => 'gzip, deflate, sdch, br',
  'accept-language' => 'zh-CN,zh;q=0.8',
  'cookie' => 'thinkphp_show_page_trace=0|0; PHPSESSID=lacm92eroijn9b2lvllb7p4gf5; pgv_pvi=5218214912; pgv_si=s5513779200; bgColorSelectorPosition=37; menuid=5',
)
[ info ] [ PARAM ] array (
)
[ info ] [ RUN ] app\home\controller\Index->index[ D:\phpStudy\WWW\YZNCMS\apps\home\controller\Index.php ]
[ info ] [ LOG ] INIT File
[ error ] [0]模板文件不存在:D:\phpStudy\WWW\YZNCMS/apps/home\view\index\index.tpl.php[D:\phpStudy\WWW\YZNCMS\thinkphp\library\think\view\driver\Think.php:80]
---------------------------------------------------------------
[ 2017-06-01T16:16:21+08:00 ] ::1 ::1 GET /YZNCMS/
[ info ] localhost/YZNCMS/ [运行时间：0.065202s][吞吐率：15.34req/s] [内存消耗：1,395.07kb] [文件加载：38]
[ info ] [ LANG ] D:\phpStudy\WWW\YZNCMS\thinkphp\lang\zh-cn.php
[ info ] [ ROUTE ] array (
  'type' => 'module',
  'module' => 
  array (
    0 => '',
    1 => NULL,
    2 => NULL,
  ),
)
[ info ] [ HEADER ] array (
  'host' => 'localhost',
  'connection' => 'keep-alive',
  'cache-control' => 'max-age=0',
  'upgrade-insecure-requests' => '1',
  'user-agent' => 'Mozilla/5.0 (Windows NT 6.1; WOW64) AppleWebKit/537.36 (KHTML, like Gecko) Chrome/58.0.3029.110 Safari/537.36',
  'accept' => 'text/html,application/xhtml+xml,application/xml;q=0.9,image/webp,*/*;q=0.8',
  'accept-encoding' => 'gzip, deflate, sdch, br',
  'accept-language' => 'zh-CN,zh;q=0.8',
  'cookie' => 'thinkphp_show_page_trace=0|0; PHPSESSID=lacm92eroijn9b2lvllb7p4gf5; pgv_pvi=5218214912; pgv_si=s5513779200; bgColorSelectorPosition=37; menuid=5',
)
[ info ] [ PARAM ] array (
)
[ info ] [ RUN ] app\home\controller\Index->index[ D:\phpStudy\WWW\YZNCMS\apps\home\controller\Index.php ]
[ info ] [ LOG ] INIT File
[ error ] [0]模板文件不存在:D:\phpStudy\WWW\YZNCMS/apps/home\view\index\index.tpl.php[D:\phpStudy\WWW\YZNCMS\thinkphp\library\think\view\driver\Think.php:80]
---------------------------------------------------------------
[ 2017-06-01T16:17:19+08:00 ] ::1 ::1 GET /YZNCMS/
[ info ] localhost/YZNCMS/ [运行时间：0.058202s][吞吐率：17.18req/s] [内存消耗：1,398.52kb] [文件加载：38]
[ info ] [ LANG ] D:\phpStudy\WWW\YZNCMS\thinkphp\lang\zh-cn.php
[ info ] [ ROUTE ] array (
  'type' => 'module',
  'module' => 
  array (
    0 => '',
    1 => NULL,
    2 => NULL,
  ),
)
[ info ] [ HEADER ] array (
  'host' => 'localhost',
  'connection' => 'keep-alive',
  'cache-control' => 'max-age=0',
  'upgrade-insecure-requests' => '1',
  'user-agent' => 'Mozilla/5.0 (Windows NT 6.1; WOW64) AppleWebKit/537.36 (KHTML, like Gecko) Chrome/58.0.3029.110 Safari/537.36',
  'accept' => 'text/html,application/xhtml+xml,application/xml;q=0.9,image/webp,*/*;q=0.8',
  'accept-encoding' => 'gzip, deflate, sdch, br',
  'accept-language' => 'zh-CN,zh;q=0.8',
  'cookie' => 'thinkphp_show_page_trace=0|0; PHPSESSID=lacm92eroijn9b2lvllb7p4gf5; pgv_pvi=5218214912; pgv_si=s5513779200; bgColorSelectorPosition=37; menuid=5',
)
[ info ] [ PARAM ] array (
)
[ info ] [ RUN ] app\home\controller\Index->index[ D:\phpStudy\WWW\YZNCMS\apps\home\controller\Index.php ]
[ info ] [ VIEW ] D:\phpStudy\WWW\YZNCMS/apps/home\view\index\index.tpl.php [ array (
) ]
[ info ] [ LOG ] INIT File
[ error ] [0]模板文件不存在:D:\phpStudy\WWW\YZNCMS/apps/home\view\public\index_layout.tpl.php[D:\phpStudy\WWW\YZNCMS\thinkphp\library\think\Template.php:1086]
---------------------------------------------------------------
[ 2017-06-01T16:17:47+08:00 ] ::1 ::1 GET /YZNCMS/
[ info ] localhost/YZNCMS/ [运行时间：0.047201s][吞吐率：21.19req/s] [内存消耗：1,574.27kb] [文件加载：42]
[ info ] [ LANG ] D:\phpStudy\WWW\YZNCMS\thinkphp\lang\zh-cn.php
[ info ] [ ROUTE ] array (
  'type' => 'module',
  'module' => 
  array (
    0 => '',
    1 => NULL,
    2 => NULL,
  ),
)
[ info ] [ HEADER ] array (
  'host' => 'localhost',
  'connection' => 'keep-alive',
  'cache-control' => 'max-age=0',
  'upgrade-insecure-requests' => '1',
  'user-agent' => 'Mozilla/5.0 (Windows NT 6.1; WOW64) AppleWebKit/537.36 (KHTML, like Gecko) Chrome/58.0.3029.110 Safari/537.36',
  'accept' => 'text/html,application/xhtml+xml,application/xml;q=0.9,image/webp,*/*;q=0.8',
  'accept-encoding' => 'gzip, deflate, sdch, br',
  'accept-language' => 'zh-CN,zh;q=0.8',
  'cookie' => 'thinkphp_show_page_trace=0|0; PHPSESSID=lacm92eroijn9b2lvllb7p4gf5; pgv_pvi=5218214912; pgv_si=s5513779200; bgColorSelectorPosition=37; menuid=5',
)
[ info ] [ PARAM ] array (
)
[ info ] [ RUN ] app\home\controller\Index->index[ D:\phpStudy\WWW\YZNCMS\apps\home\controller\Index.php ]
[ info ] [ VIEW ] D:\phpStudy\WWW\YZNCMS/apps/home\view\index\index.tpl.php [ array (
) ]
[ info ] [ LOG ] INIT File
[ error ] [1]Call to undefined function h()[D:\phpStudy\WWW\YZNCMS\runtime\temp\b3f92cd778c92bf3fb4c2f313c8c40eb.php:17]
---------------------------------------------------------------
[ 2017-06-01T16:18:48+08:00 ] ::1 ::1 GET /YZNCMS/
[ info ] localhost/YZNCMS/ [运行时间：0.030601s][吞吐率：32.68req/s] [内存消耗：1,571.03kb] [文件加载：42]
[ info ] [ LANG ] D:\phpStudy\WWW\YZNCMS\thinkphp\lang\zh-cn.php
[ info ] [ ROUTE ] array (
  'type' => 'module',
  'module' => 
  array (
    0 => '',
    1 => NULL,
    2 => NULL,
  ),
)
[ info ] [ HEADER ] array (
  'host' => 'localhost',
  'connection' => 'keep-alive',
  'cache-control' => 'max-age=0',
  'upgrade-insecure-requests' => '1',
  'user-agent' => 'Mozilla/5.0 (Windows NT 6.1; WOW64) AppleWebKit/537.36 (KHTML, like Gecko) Chrome/58.0.3029.110 Safari/537.36',
  'accept' => 'text/html,application/xhtml+xml,application/xml;q=0.9,image/webp,*/*;q=0.8',
  'accept-encoding' => 'gzip, deflate, sdch, br',
  'accept-language' => 'zh-CN,zh;q=0.8',
  'cookie' => 'thinkphp_show_page_trace=0|0; PHPSESSID=lacm92eroijn9b2lvllb7p4gf5; pgv_pvi=5218214912; pgv_si=s5513779200; bgColorSelectorPosition=37; menuid=5',
)
[ info ] [ PARAM ] array (
)
[ info ] [ RUN ] app\home\controller\Index->index[ D:\phpStudy\WWW\YZNCMS\apps\home\controller\Index.php ]
[ info ] [ VIEW ] D:\phpStudy\WWW\YZNCMS/apps/home\view\index\index.tpl.php [ array (
) ]
[ info ] [ LOG ] INIT File
[ error ] [1]Call to undefined function h()[D:\phpStudy\WWW\YZNCMS\runtime\temp\b3f92cd778c92bf3fb4c2f313c8c40eb.php:17]
---------------------------------------------------------------
[ 2017-06-01T16:18:59+08:00 ] ::1 ::1 GET /YZNCMS/
[ info ] localhost/YZNCMS/ [运行时间：0.034001s][吞吐率：29.41req/s] [内存消耗：1,570.85kb] [文件加载：42]
[ info ] [ LANG ] D:\phpStudy\WWW\YZNCMS\thinkphp\lang\zh-cn.php
[ info ] [ ROUTE ] array (
  'type' => 'module',
  'module' => 
  array (
    0 => '',
    1 => NULL,
    2 => NULL,
  ),
)
[ info ] [ HEADER ] array (
  'host' => 'localhost',
  'connection' => 'keep-alive',
  'cache-control' => 'max-age=0',
  'upgrade-insecure-requests' => '1',
  'user-agent' => 'Mozilla/5.0 (Windows NT 6.1; WOW64) AppleWebKit/537.36 (KHTML, like Gecko) Chrome/58.0.3029.110 Safari/537.36',
  'accept' => 'text/html,application/xhtml+xml,application/xml;q=0.9,image/webp,*/*;q=0.8',
  'accept-encoding' => 'gzip, deflate, sdch, br',
  'accept-language' => 'zh-CN,zh;q=0.8',
  'cookie' => 'thinkphp_show_page_trace=0|0; PHPSESSID=lacm92eroijn9b2lvllb7p4gf5; pgv_pvi=5218214912; pgv_si=s5513779200; bgColorSelectorPosition=37; menuid=5',
)
[ info ] [ PARAM ] array (
)
[ info ] [ RUN ] app\home\controller\Index->index[ D:\phpStudy\WWW\YZNCMS\apps\home\controller\Index.php ]
[ info ] [ VIEW ] D:\phpStudy\WWW\YZNCMS/apps/home\view\index\index.tpl.php [ array (
) ]
[ info ] [ LOG ] INIT File
[ error ] [1]Class 'sb' not found[D:\phpStudy\WWW\YZNCMS\runtime\temp\b3f92cd778c92bf3fb4c2f313c8c40eb.php:33]
---------------------------------------------------------------
[ 2017-06-01T16:19:09+08:00 ] ::1 ::1 GET /YZNCMS/
[ info ] localhost/YZNCMS/ [运行时间：0.043201s][吞吐率：23.15req/s] [内存消耗：1,570.65kb] [文件加载：42]
[ info ] [ LANG ] D:\phpStudy\WWW\YZNCMS\thinkphp\lang\zh-cn.php
[ info ] [ ROUTE ] array (
  'type' => 'module',
  'module' => 
  array (
    0 => '',
    1 => NULL,
    2 => NULL,
  ),
)
[ info ] [ HEADER ] array (
  'host' => 'localhost',
  'connection' => 'keep-alive',
  'cache-control' => 'max-age=0',
  'upgrade-insecure-requests' => '1',
  'user-agent' => 'Mozilla/5.0 (Windows NT 6.1; WOW64) AppleWebKit/537.36 (KHTML, like Gecko) Chrome/58.0.3029.110 Safari/537.36',
  'accept' => 'text/html,application/xhtml+xml,application/xml;q=0.9,image/webp,*/*;q=0.8',
  'accept-encoding' => 'gzip, deflate, sdch, br',
  'accept-language' => 'zh-CN,zh;q=0.8',
  'cookie' => 'thinkphp_show_page_trace=0|0; PHPSESSID=lacm92eroijn9b2lvllb7p4gf5; pgv_pvi=5218214912; pgv_si=s5513779200; bgColorSelectorPosition=37; menuid=5',
)
[ info ] [ PARAM ] array (
)
[ info ] [ RUN ] app\home\controller\Index->index[ D:\phpStudy\WWW\YZNCMS\apps\home\controller\Index.php ]
[ info ] [ VIEW ] D:\phpStudy\WWW\YZNCMS/apps/home\view\index\index.tpl.php [ array (
) ]
[ info ] [ LOG ] INIT File
[ error ] [1]Class 'sb' not found[D:\phpStudy\WWW\YZNCMS\runtime\temp\b3f92cd778c92bf3fb4c2f313c8c40eb.php:132]
---------------------------------------------------------------
[ 2017-06-01T16:19:36+08:00 ] ::1 ::1 GET /YZNCMS/
[ info ] localhost/YZNCMS/ [运行时间：0.057202s][吞吐率：17.48req/s] [内存消耗：1,528.94kb] [文件加载：38]
[ info ] [ LANG ] D:\phpStudy\WWW\YZNCMS\thinkphp\lang\zh-cn.php
[ info ] [ ROUTE ] array (
  'type' => 'module',
  'module' => 
  array (
    0 => '',
    1 => NULL,
    2 => NULL,
  ),
)
[ info ] [ HEADER ] array (
  'host' => 'localhost',
  'connection' => 'keep-alive',
  'cache-control' => 'max-age=0',
  'upgrade-insecure-requests' => '1',
  'user-agent' => 'Mozilla/5.0 (Windows NT 6.1; WOW64) AppleWebKit/537.36 (KHTML, like Gecko) Chrome/58.0.3029.110 Safari/537.36',
  'accept' => 'text/html,application/xhtml+xml,application/xml;q=0.9,image/webp,*/*;q=0.8',
  'accept-encoding' => 'gzip, deflate, sdch, br',
  'accept-language' => 'zh-CN,zh;q=0.8',
  'cookie' => 'thinkphp_show_page_trace=0|0; PHPSESSID=lacm92eroijn9b2lvllb7p4gf5; pgv_pvi=5218214912; pgv_si=s5513779200; bgColorSelectorPosition=37; menuid=5',
)
[ info ] [ PARAM ] array (
)
[ info ] [ RUN ] app\home\controller\Index->index[ D:\phpStudy\WWW\YZNCMS\apps\home\controller\Index.php ]
[ info ] [ VIEW ] D:\phpStudy\WWW\YZNCMS/apps/home\view\index\index.tpl.php [ array (
) ]
[ info ] [ LOG ] INIT File
---------------------------------------------------------------
[ 2017-06-01T16:19:36+08:00 ] ::1 ::1 GET /YZNCMS/css/index.css
[ info ] localhost/YZNCMS/css/index.css [运行时间：0.024002s][吞吐率：41.66req/s] [内存消耗：1,117.71kb] [文件加载：31]
[ info ] [ LANG ] D:\phpStudy\WWW\YZNCMS\thinkphp\lang\zh-cn.php
[ info ] [ ROUTE ] array (
  'type' => 'module',
  'module' => 
  array (
    0 => 'css',
    1 => 'index.css',
    2 => NULL,
  ),
)
[ info ] [ HEADER ] array (
  'host' => 'localhost',
  'connection' => 'keep-alive',
  'user-agent' => 'Mozilla/5.0 (Windows NT 6.1; WOW64) AppleWebKit/537.36 (KHTML, like Gecko) Chrome/58.0.3029.110 Safari/537.36',
  'accept' => 'text/css,*/*;q=0.1',
  'referer' => 'http://localhost/YZNCMS/',
  'accept-encoding' => 'gzip, deflate, sdch, br',
  'accept-language' => 'zh-CN,zh;q=0.8',
  'cookie' => 'thinkphp_show_page_trace=0|0; PHPSESSID=lacm92eroijn9b2lvllb7p4gf5; pgv_pvi=5218214912; pgv_si=s5513779200; bgColorSelectorPosition=37; menuid=5',
)
[ info ] [ PARAM ] array (
)
[ info ] [ LOG ] INIT File
---------------------------------------------------------------
[ 2017-06-01T16:19:36+08:00 ] ::1 ::1 GET /YZNCMS/resource/js/effect/star/star.css
[ info ] localhost/YZNCMS/resource/js/effect/star/star.css [运行时间：0.024001s][吞吐率：41.67req/s] [内存消耗：1,118.17kb] [文件加载：31]
[ info ] [ LANG ] D:\phpStudy\WWW\YZNCMS\thinkphp\lang\zh-cn.php
[ info ] [ ROUTE ] array (
  'type' => 'module',
  'module' => 
  array (
    0 => 'resource',
    1 => 'js',
    2 => 'effect',
  ),
)
[ info ] [ HEADER ] array (
  'host' => 'localhost',
  'connection' => 'keep-alive',
  'user-agent' => 'Mozilla/5.0 (Windows NT 6.1; WOW64) AppleWebKit/537.36 (KHTML, like Gecko) Chrome/58.0.3029.110 Safari/537.36',
  'accept' => 'text/css,*/*;q=0.1',
  'referer' => 'http://localhost/YZNCMS/',
  'accept-encoding' => 'gzip, deflate, sdch, br',
  'accept-language' => 'zh-CN,zh;q=0.8',
  'cookie' => 'thinkphp_show_page_trace=0|0; PHPSESSID=lacm92eroijn9b2lvllb7p4gf5; pgv_pvi=5218214912; pgv_si=s5513779200; bgColorSelectorPosition=37; menuid=5',
)
[ info ] [ PARAM ] array (
  'star' => 'star.css',
)
[ info ] [ LOG ] INIT File
---------------------------------------------------------------
[ 2017-06-01T16:19:36+08:00 ] ::1 ::1 GET /YZNCMS/css/header.css
[ info ] localhost/YZNCMS/css/header.css [运行时间：0.024001s][吞吐率：41.67req/s] [内存消耗：1,117.68kb] [文件加载：31]
[ info ] [ LANG ] D:\phpStudy\WWW\YZNCMS\thinkphp\lang\zh-cn.php
[ info ] [ ROUTE ] array (
  'type' => 'module',
  'module' => 
  array (
    0 => 'css',
    1 => 'header.css',
    2 => NULL,
  ),
)
[ info ] [ HEADER ] array (
  'host' => 'localhost',
  'connection' => 'keep-alive',
  'user-agent' => 'Mozilla/5.0 (Windows NT 6.1; WOW64) AppleWebKit/537.36 (KHTML, like Gecko) Chrome/58.0.3029.110 Safari/537.36',
  'accept' => 'text/css,*/*;q=0.1',
  'referer' => 'http://localhost/YZNCMS/',
  'accept-encoding' => 'gzip, deflate, sdch, br',
  'accept-language' => 'zh-CN,zh;q=0.8',
  'cookie' => 'thinkphp_show_page_trace=0|0; PHPSESSID=lacm92eroijn9b2lvllb7p4gf5; pgv_pvi=5218214912; pgv_si=s5513779200; bgColorSelectorPosition=37; menuid=5',
)
[ info ] [ PARAM ] array (
)
[ info ] [ LOG ] INIT File
---------------------------------------------------------------
[ 2017-06-01T16:19:36+08:00 ] ::1 ::1 GET /YZNCMS/css/spigPet.css
[ info ] localhost/YZNCMS/css/spigPet.css [运行时间：0.023001s][吞吐率：43.48req/s] [内存消耗：1,117.70kb] [文件加载：31]
[ info ] [ LANG ] D:\phpStudy\WWW\YZNCMS\thinkphp\lang\zh-cn.php
[ info ] [ ROUTE ] array (
  'type' => 'module',
  'module' => 
  array (
    0 => 'css',
    1 => 'spigPet.css',
    2 => NULL,
  ),
)
[ info ] [ HEADER ] array (
  'host' => 'localhost',
  'connection' => 'keep-alive',
  'user-agent' => 'Mozilla/5.0 (Windows NT 6.1; WOW64) AppleWebKit/537.36 (KHTML, like Gecko) Chrome/58.0.3029.110 Safari/537.36',
  'accept' => 'text/css,*/*;q=0.1',
  'referer' => 'http://localhost/YZNCMS/',
  'accept-encoding' => 'gzip, deflate, sdch, br',
  'accept-language' => 'zh-CN,zh;q=0.8',
  'cookie' => 'thinkphp_show_page_trace=0|0; PHPSESSID=lacm92eroijn9b2lvllb7p4gf5; pgv_pvi=5218214912; pgv_si=s5513779200; bgColorSelectorPosition=37; menuid=5',
)
[ info ] [ PARAM ] array (
)
[ info ] [ LOG ] INIT File
---------------------------------------------------------------
[ 2017-06-01T16:19:36+08:00 ] ::1 ::1 GET /YZNCMS/js/jquery-1.7.2.js
[ info ] localhost/YZNCMS/js/jquery-1.7.2.js [运行时间：0.025002s][吞吐率：40.00req/s] [内存消耗：1,117.71kb] [文件加载：31]
[ info ] [ LANG ] D:\phpStudy\WWW\YZNCMS\thinkphp\lang\zh-cn.php
[ info ] [ ROUTE ] array (
  'type' => 'module',
  'module' => 
  array (
    0 => 'js',
    1 => 'jquery-1.7.2.js',
    2 => NULL,
  ),
)
[ info ] [ HEADER ] array (
  'host' => 'localhost',
  'connection' => 'keep-alive',
  'user-agent' => 'Mozilla/5.0 (Windows NT 6.1; WOW64) AppleWebKit/537.36 (KHTML, like Gecko) Chrome/58.0.3029.110 Safari/537.36',
  'accept' => '*/*',
  'referer' => 'http://localhost/YZNCMS/',
  'accept-encoding' => 'gzip, deflate, sdch, br',
  'accept-language' => 'zh-CN,zh;q=0.8',
  'cookie' => 'thinkphp_show_page_trace=0|0; PHPSESSID=lacm92eroijn9b2lvllb7p4gf5; pgv_pvi=5218214912; pgv_si=s5513779200; bgColorSelectorPosition=37; menuid=5',
)
[ info ] [ PARAM ] array (
)
[ info ] [ LOG ] INIT File
---------------------------------------------------------------
[ 2017-06-01T16:19:36+08:00 ] ::1 ::1 GET /YZNCMS/js/spig.js
[ info ] localhost/YZNCMS/js/spig.js [运行时间：0.021001s][吞吐率：47.62req/s] [内存消耗：1,117.65kb] [文件加载：31]
[ info ] [ LANG ] D:\phpStudy\WWW\YZNCMS\thinkphp\lang\zh-cn.php
[ info ] [ ROUTE ] array (
  'type' => 'module',
  'module' => 
  array (
    0 => 'js',
    1 => 'spig.js',
    2 => NULL,
  ),
)
[ info ] [ HEADER ] array (
  'host' => 'localhost',
  'connection' => 'keep-alive',
  'user-agent' => 'Mozilla/5.0 (Windows NT 6.1; WOW64) AppleWebKit/537.36 (KHTML, like Gecko) Chrome/58.0.3029.110 Safari/537.36',
  'accept' => '*/*',
  'referer' => 'http://localhost/YZNCMS/',
  'accept-encoding' => 'gzip, deflate, sdch, br',
  'accept-language' => 'zh-CN,zh;q=0.8',
  'cookie' => 'thinkphp_show_page_trace=0|0; PHPSESSID=lacm92eroijn9b2lvllb7p4gf5; pgv_pvi=5218214912; pgv_si=s5513779200; bgColorSelectorPosition=37; menuid=5',
)
[ info ] [ PARAM ] array (
)
[ info ] [ LOG ] INIT File
---------------------------------------------------------------
[ 2017-06-01T16:19:36+08:00 ] ::1 ::1 GET /YZNCMS/resource/js/effect/star/star.js
[ info ] localhost/YZNCMS/resource/js/effect/star/star.js [运行时间：0.023002s][吞吐率：43.47req/s] [内存消耗：1,118.11kb] [文件加载：31]
[ info ] [ LANG ] D:\phpStudy\WWW\YZNCMS\thinkphp\lang\zh-cn.php
[ info ] [ ROUTE ] array (
  'type' => 'module',
  'module' => 
  array (
    0 => 'resource',
    1 => 'js',
    2 => 'effect',
  ),
)
[ info ] [ HEADER ] array (
  'host' => 'localhost',
  'connection' => 'keep-alive',
  'user-agent' => 'Mozilla/5.0 (Windows NT 6.1; WOW64) AppleWebKit/537.36 (KHTML, like Gecko) Chrome/58.0.3029.110 Safari/537.36',
  'accept' => '*/*',
  'referer' => 'http://localhost/YZNCMS/',
  'accept-encoding' => 'gzip, deflate, sdch, br',
  'accept-language' => 'zh-CN,zh;q=0.8',
  'cookie' => 'thinkphp_show_page_trace=0|0; PHPSESSID=lacm92eroijn9b2lvllb7p4gf5; pgv_pvi=5218214912; pgv_si=s5513779200; bgColorSelectorPosition=37; menuid=5',
)
[ info ] [ PARAM ] array (
  'star' => 'star.js',
)
[ info ] [ LOG ] INIT File
---------------------------------------------------------------
[ 2017-06-01T16:19:36+08:00 ] ::1 ::1 GET /YZNCMS/js/jquery-2.0.0.min.js
[ info ] localhost/YZNCMS/js/jquery-2.0.0.min.js [运行时间：0.046002s][吞吐率：21.74req/s] [内存消耗：1,117.72kb] [文件加载：31]
[ info ] [ LANG ] D:\phpStudy\WWW\YZNCMS\thinkphp\lang\zh-cn.php
[ info ] [ ROUTE ] array (
  'type' => 'module',
  'module' => 
  array (
    0 => 'js',
    1 => 'jquery-2.0.0.min.js',
    2 => NULL,
  ),
)
[ info ] [ HEADER ] array (
  'host' => 'localhost',
  'connection' => 'keep-alive',
  'user-agent' => 'Mozilla/5.0 (Windows NT 6.1; WOW64) AppleWebKit/537.36 (KHTML, like Gecko) Chrome/58.0.3029.110 Safari/537.36',
  'accept' => '*/*',
  'referer' => 'http://localhost/YZNCMS/',
  'accept-encoding' => 'gzip, deflate, sdch, br',
  'accept-language' => 'zh-CN,zh;q=0.8',
  'cookie' => 'thinkphp_show_page_trace=0|0; PHPSESSID=lacm92eroijn9b2lvllb7p4gf5; pgv_pvi=5218214912; pgv_si=s5513779200; bgColorSelectorPosition=37; menuid=5',
)
[ info ] [ PARAM ] array (
)
[ info ] [ LOG ] INIT File
---------------------------------------------------------------
[ 2017-06-01T16:19:36+08:00 ] ::1 ::1 GET /YZNCMS/images/flower.jpg
[ info ] localhost/YZNCMS/images/flower.jpg [运行时间：0.027002s][吞吐率：37.03req/s] [内存消耗：1,117.81kb] [文件加载：31]
[ info ] [ LANG ] D:\phpStudy\WWW\YZNCMS\thinkphp\lang\zh-cn.php
[ info ] [ ROUTE ] array (
  'type' => 'module',
  'module' => 
  array (
    0 => 'images',
    1 => 'flower.jpg',
    2 => NULL,
  ),
)
[ info ] [ HEADER ] array (
  'host' => 'localhost',
  'connection' => 'keep-alive',
  'user-agent' => 'Mozilla/5.0 (Windows NT 6.1; WOW64) AppleWebKit/537.36 (KHTML, like Gecko) Chrome/58.0.3029.110 Safari/537.36',
  'accept' => 'image/webp,image/*,*/*;q=0.8',
  'referer' => 'http://localhost/YZNCMS/',
  'accept-encoding' => 'gzip, deflate, sdch, br',
  'accept-language' => 'zh-CN,zh;q=0.8',
  'cookie' => 'thinkphp_show_page_trace=0|0; PHPSESSID=lacm92eroijn9b2lvllb7p4gf5; pgv_pvi=5218214912; pgv_si=s5513779200; bgColorSelectorPosition=37; menuid=5',
)
[ info ] [ PARAM ] array (
)
[ info ] [ LOG ] INIT File
---------------------------------------------------------------
[ 2017-06-01T16:19:37+08:00 ] ::1 ::1 GET /YZNCMS/js/spig.js
[ info ] localhost/YZNCMS/js/spig.js [运行时间：0.021001s][吞吐率：47.62req/s] [内存消耗：1,117.65kb] [文件加载：31]
[ info ] [ LANG ] D:\phpStudy\WWW\YZNCMS\thinkphp\lang\zh-cn.php
[ info ] [ ROUTE ] array (
  'type' => 'module',
  'module' => 
  array (
    0 => 'js',
    1 => 'spig.js',
    2 => NULL,
  ),
)
[ info ] [ HEADER ] array (
  'host' => 'localhost',
  'connection' => 'keep-alive',
  'user-agent' => 'Mozilla/5.0 (Windows NT 6.1; WOW64) AppleWebKit/537.36 (KHTML, like Gecko) Chrome/58.0.3029.110 Safari/537.36',
  'accept' => '*/*',
  'referer' => 'http://localhost/YZNCMS/',
  'accept-encoding' => 'gzip, deflate, sdch, br',
  'accept-language' => 'zh-CN,zh;q=0.8',
  'cookie' => 'thinkphp_show_page_trace=0|0; PHPSESSID=lacm92eroijn9b2lvllb7p4gf5; pgv_pvi=5218214912; pgv_si=s5513779200; bgColorSelectorPosition=37; menuid=5',
)
[ info ] [ PARAM ] array (
)
[ info ] [ LOG ] INIT File
---------------------------------------------------------------
[ 2017-06-01T16:19:37+08:00 ] ::1 ::1 GET /YZNCMS/js/jquery-2.0.0.min.js
[ info ] localhost/YZNCMS/js/jquery-2.0.0.min.js [运行时间：0.022001s][吞吐率：45.45req/s] [内存消耗：1,117.72kb] [文件加载：31]
[ info ] [ LANG ] D:\phpStudy\WWW\YZNCMS\thinkphp\lang\zh-cn.php
[ info ] [ ROUTE ] array (
  'type' => 'module',
  'module' => 
  array (
    0 => 'js',
    1 => 'jquery-2.0.0.min.js',
    2 => NULL,
  ),
)
[ info ] [ HEADER ] array (
  'host' => 'localhost',
  'connection' => 'keep-alive',
  'user-agent' => 'Mozilla/5.0 (Windows NT 6.1; WOW64) AppleWebKit/537.36 (KHTML, like Gecko) Chrome/58.0.3029.110 Safari/537.36',
  'accept' => '*/*',
  'referer' => 'http://localhost/YZNCMS/',
  'accept-encoding' => 'gzip, deflate, sdch, br',
  'accept-language' => 'zh-CN,zh;q=0.8',
  'cookie' => 'thinkphp_show_page_trace=0|0; PHPSESSID=lacm92eroijn9b2lvllb7p4gf5; pgv_pvi=5218214912; pgv_si=s5513779200; bgColorSelectorPosition=37; menuid=5',
)
[ info ] [ PARAM ] array (
)
[ info ] [ LOG ] INIT File
---------------------------------------------------------------
[ 2017-06-01T16:19:37+08:00 ] ::1 ::1 GET /YZNCMS/js/jquery-1.7.2.js
[ info ] localhost/YZNCMS/js/jquery-1.7.2.js [运行时间：0.021002s][吞吐率：47.61req/s] [内存消耗：1,117.71kb] [文件加载：31]
[ info ] [ LANG ] D:\phpStudy\WWW\YZNCMS\thinkphp\lang\zh-cn.php
[ info ] [ ROUTE ] array (
  'type' => 'module',
  'module' => 
  array (
    0 => 'js',
    1 => 'jquery-1.7.2.js',
    2 => NULL,
  ),
)
[ info ] [ HEADER ] array (
  'host' => 'localhost',
  'connection' => 'keep-alive',
  'user-agent' => 'Mozilla/5.0 (Windows NT 6.1; WOW64) AppleWebKit/537.36 (KHTML, like Gecko) Chrome/58.0.3029.110 Safari/537.36',
  'accept' => '*/*',
  'referer' => 'http://localhost/YZNCMS/',
  'accept-encoding' => 'gzip, deflate, sdch, br',
  'accept-language' => 'zh-CN,zh;q=0.8',
  'cookie' => 'thinkphp_show_page_trace=0|0; PHPSESSID=lacm92eroijn9b2lvllb7p4gf5; pgv_pvi=5218214912; pgv_si=s5513779200; bgColorSelectorPosition=37; menuid=5',
)
[ info ] [ PARAM ] array (
)
[ info ] [ LOG ] INIT File
---------------------------------------------------------------
[ 2017-06-01T16:19:37+08:00 ] ::1 ::1 GET /YZNCMS/flash/time4.swf
[ info ] localhost/YZNCMS/flash/time4.swf [运行时间：0.042002s][吞吐率：23.81req/s] [内存消耗：1,118.10kb] [文件加载：31]
[ info ] [ LANG ] D:\phpStudy\WWW\YZNCMS\thinkphp\lang\zh-cn.php
[ info ] [ ROUTE ] array (
  'type' => 'module',
  'module' => 
  array (
    0 => 'flash',
    1 => 'time4.swf',
    2 => NULL,
  ),
)
[ info ] [ HEADER ] array (
  'host' => 'localhost',
  'connection' => 'keep-alive',
  'user-agent' => 'Mozilla/5.0 (Windows NT 6.1; WOW64) AppleWebKit/537.36 (KHTML, like Gecko) Chrome/58.0.3029.110 Safari/537.36',
  'x-requested-with' => 'ShockwaveFlash/25.0.0.171',
  'accept' => '*/*',
  'referer' => 'http://localhost/YZNCMS/',
  'accept-encoding' => 'gzip, deflate, sdch, br',
  'accept-language' => 'zh-CN,zh;q=0.8',
  'cookie' => 'thinkphp_show_page_trace=0|0; PHPSESSID=lacm92eroijn9b2lvllb7p4gf5; pgv_pvi=5218214912; pgv_si=s5513779200; bgColorSelectorPosition=37; menuid=5',
)
[ info ] [ PARAM ] array (
)
[ info ] [ LOG ] INIT File
---------------------------------------------------------------
[ 2017-06-01T16:19:37+08:00 ] ::1 ::1 GET /YZNCMS/resource/js/effect/star/star.js
[ info ] localhost/YZNCMS/resource/js/effect/star/star.js [运行时间：0.042002s][吞吐率：23.81req/s] [内存消耗：1,118.09kb] [文件加载：31]
[ info ] [ LANG ] D:\phpStudy\WWW\YZNCMS\thinkphp\lang\zh-cn.php
[ info ] [ ROUTE ] array (
  'type' => 'module',
  'module' => 
  array (
    0 => 'resource',
    1 => 'js',
    2 => 'effect',
  ),
)
[ info ] [ HEADER ] array (
  'host' => 'localhost',
  'connection' => 'keep-alive',
  'user-agent' => 'Mozilla/5.0 (Windows NT 6.1; WOW64) AppleWebKit/537.36 (KHTML, like Gecko) Chrome/58.0.3029.110 Safari/537.36',
  'accept' => '*/*',
  'referer' => 'http://localhost/YZNCMS/',
  'accept-encoding' => 'gzip, deflate, sdch, br',
  'accept-language' => 'zh-CN,zh;q=0.8',
  'cookie' => 'thinkphp_show_page_trace=0|0; PHPSESSID=lacm92eroijn9b2lvllb7p4gf5; pgv_pvi=5218214912; pgv_si=s5513779200; bgColorSelectorPosition=37; menuid=5',
)
[ info ] [ PARAM ] array (
  'star' => 'star.js',
)
[ info ] [ LOG ] INIT File
---------------------------------------------------------------
[ 2017-06-01T16:19:37+08:00 ] ::1 ::1 GET /YZNCMS/css/spigPet.css
[ info ] localhost/YZNCMS/css/spigPet.css [运行时间：0.023001s][吞吐率：43.48req/s] [内存消耗：1,117.67kb] [文件加载：31]
[ info ] [ LANG ] D:\phpStudy\WWW\YZNCMS\thinkphp\lang\zh-cn.php
[ info ] [ ROUTE ] array (
  'type' => 'module',
  'module' => 
  array (
    0 => 'css',
    1 => 'spigPet.css',
    2 => NULL,
  ),
)
[ info ] [ HEADER ] array (
  'host' => 'localhost',
  'connection' => 'keep-alive',
  'user-agent' => 'Mozilla/5.0 (Windows NT 6.1; WOW64) AppleWebKit/537.36 (KHTML, like Gecko) Chrome/58.0.3029.110 Safari/537.36',
  'accept' => 'text/css,*/*;q=0.1',
  'referer' => 'http://localhost/YZNCMS/',
  'accept-encoding' => 'gzip, deflate, sdch, br',
  'accept-language' => 'zh-CN,zh;q=0.8',
  'cookie' => 'thinkphp_show_page_trace=0|0; PHPSESSID=lacm92eroijn9b2lvllb7p4gf5; pgv_pvi=5218214912; pgv_si=s5513779200; bgColorSelectorPosition=37; menuid=5',
)
[ info ] [ PARAM ] array (
)
[ info ] [ LOG ] INIT File
---------------------------------------------------------------
[ 2017-06-01T16:19:37+08:00 ] ::1 ::1 GET /YZNCMS/js/spig.js
[ info ] localhost/YZNCMS/js/spig.js [运行时间：0.021001s][吞吐率：47.62req/s] [内存消耗：1,117.65kb] [文件加载：31]
[ info ] [ LANG ] D:\phpStudy\WWW\YZNCMS\thinkphp\lang\zh-cn.php
[ info ] [ ROUTE ] array (
  'type' => 'module',
  'module' => 
  array (
    0 => 'js',
    1 => 'spig.js',
    2 => NULL,
  ),
)
[ info ] [ HEADER ] array (
  'host' => 'localhost',
  'connection' => 'keep-alive',
  'user-agent' => 'Mozilla/5.0 (Windows NT 6.1; WOW64) AppleWebKit/537.36 (KHTML, like Gecko) Chrome/58.0.3029.110 Safari/537.36',
  'accept' => '*/*',
  'referer' => 'http://localhost/YZNCMS/',
  'accept-encoding' => 'gzip, deflate, sdch, br',
  'accept-language' => 'zh-CN,zh;q=0.8',
  'cookie' => 'thinkphp_show_page_trace=0|0; PHPSESSID=lacm92eroijn9b2lvllb7p4gf5; pgv_pvi=5218214912; pgv_si=s5513779200; bgColorSelectorPosition=37; menuid=5',
)
[ info ] [ PARAM ] array (
)
[ info ] [ LOG ] INIT File
---------------------------------------------------------------
[ 2017-06-01T16:19:37+08:00 ] ::1 ::1 GET /YZNCMS/css/spigPet.css
[ info ] localhost/YZNCMS/css/spigPet.css [运行时间：0.023001s][吞吐率：43.48req/s] [内存消耗：1,117.70kb] [文件加载：31]
[ info ] [ LANG ] D:\phpStudy\WWW\YZNCMS\thinkphp\lang\zh-cn.php
[ info ] [ ROUTE ] array (
  'type' => 'module',
  'module' => 
  array (
    0 => 'css',
    1 => 'spigPet.css',
    2 => NULL,
  ),
)
[ info ] [ HEADER ] array (
  'host' => 'localhost',
  'connection' => 'keep-alive',
  'user-agent' => 'Mozilla/5.0 (Windows NT 6.1; WOW64) AppleWebKit/537.36 (KHTML, like Gecko) Chrome/58.0.3029.110 Safari/537.36',
  'accept' => 'text/css,*/*;q=0.1',
  'referer' => 'http://localhost/YZNCMS/',
  'accept-encoding' => 'gzip, deflate, sdch, br',
  'accept-language' => 'zh-CN,zh;q=0.8',
  'cookie' => 'thinkphp_show_page_trace=0|0; PHPSESSID=lacm92eroijn9b2lvllb7p4gf5; pgv_pvi=5218214912; pgv_si=s5513779200; bgColorSelectorPosition=37; menuid=5',
)
[ info ] [ PARAM ] array (
)
[ info ] [ LOG ] INIT File
---------------------------------------------------------------
[ 2017-06-01T17:47:24+08:00 ] ::1 ::1 GET /YZNCMS/
[ info ] localhost/YZNCMS/ [运行时间：0.035002s][吞吐率：28.57req/s] [内存消耗：1,529.38kb] [文件加载：38]
[ info ] [ LANG ] D:\phpStudy\WWW\YZNCMS\thinkphp\lang\zh-cn.php
[ info ] [ ROUTE ] array (
  'type' => 'module',
  'module' => 
  array (
    0 => '',
    1 => NULL,
    2 => NULL,
  ),
)
[ info ] [ HEADER ] array (
  'host' => 'localhost',
  'connection' => 'keep-alive',
  'cache-control' => 'max-age=0',
  'upgrade-insecure-requests' => '1',
  'user-agent' => 'Mozilla/5.0 (Windows NT 6.1; WOW64) AppleWebKit/537.36 (KHTML, like Gecko) Chrome/58.0.3029.110 Safari/537.36',
  'accept' => 'text/html,application/xhtml+xml,application/xml;q=0.9,image/webp,*/*;q=0.8',
  'accept-encoding' => 'gzip, deflate, sdch, br',
  'accept-language' => 'zh-CN,zh;q=0.8',
  'cookie' => 'thinkphp_show_page_trace=0|0; PHPSESSID=lacm92eroijn9b2lvllb7p4gf5; pgv_pvi=5218214912; pgv_si=s5513779200; bgColorSelectorPosition=37; menuid=5; Hm_lvt_a6653e96b23c01334bd5cbdcadc9abe2=1496305177; Hm_lpvt_a6653e96b23c01334bd5cbdcadc9abe2=1496305177',
)
[ info ] [ PARAM ] array (
)
[ info ] [ RUN ] app\home\controller\Index->index[ D:\phpStudy\WWW\YZNCMS\apps\home\controller\Index.php ]
[ info ] [ VIEW ] D:\phpStudy\WWW\YZNCMS/apps/home\view\index\index.tpl.php [ array (
) ]
[ info ] [ LOG ] INIT File
---------------------------------------------------------------
[ 2017-06-01T17:47:24+08:00 ] ::1 ::1 GET /YZNCMS/static/admin/js/effect/star/star.css
[ info ] localhost/YZNCMS/static/admin/js/effect/star/star.css [运行时间：0.023002s][吞吐率：43.47req/s] [内存消耗：1,118.63kb] [文件加载：31]
[ info ] [ LANG ] D:\phpStudy\WWW\YZNCMS\thinkphp\lang\zh-cn.php
[ info ] [ ROUTE ] array (
  'type' => 'module',
  'module' => 
  array (
    0 => 'static',
    1 => 'admin',
    2 => 'js',
  ),
)
[ info ] [ HEADER ] array (
  'host' => 'localhost',
  'connection' => 'keep-alive',
  'user-agent' => 'Mozilla/5.0 (Windows NT 6.1; WOW64) AppleWebKit/537.36 (KHTML, like Gecko) Chrome/58.0.3029.110 Safari/537.36',
  'accept' => 'text/css,*/*;q=0.1',
  'referer' => 'http://localhost/YZNCMS/',
  'accept-encoding' => 'gzip, deflate, sdch, br',
  'accept-language' => 'zh-CN,zh;q=0.8',
  'cookie' => 'thinkphp_show_page_trace=0|0; PHPSESSID=lacm92eroijn9b2lvllb7p4gf5; pgv_pvi=5218214912; pgv_si=s5513779200; bgColorSelectorPosition=37; menuid=5; Hm_lvt_a6653e96b23c01334bd5cbdcadc9abe2=1496305177; Hm_lpvt_a6653e96b23c01334bd5cbdcadc9abe2=1496305177',
)
[ info ] [ PARAM ] array (
  'effect' => 'star',
)
[ info ] [ LOG ] INIT File
---------------------------------------------------------------
[ 2017-06-01T17:47:24+08:00 ] ::1 ::1 GET /YZNCMS/static/admin/css/header.css
[ info ] localhost/YZNCMS/static/admin/css/header.css [运行时间：0.024002s][吞吐率：41.66req/s] [内存消耗：1,118.19kb] [文件加载：31]
[ info ] [ LANG ] D:\phpStudy\WWW\YZNCMS\thinkphp\lang\zh-cn.php
[ info ] [ ROUTE ] array (
  'type' => 'module',
  'module' => 
  array (
    0 => 'static',
    1 => 'admin',
    2 => 'css',
  ),
)
[ info ] [ HEADER ] array (
  'host' => 'localhost',
  'connection' => 'keep-alive',
  'user-agent' => 'Mozilla/5.0 (Windows NT 6.1; WOW64) AppleWebKit/537.36 (KHTML, like Gecko) Chrome/58.0.3029.110 Safari/537.36',
  'accept' => 'text/css,*/*;q=0.1',
  'referer' => 'http://localhost/YZNCMS/',
  'accept-encoding' => 'gzip, deflate, sdch, br',
  'accept-language' => 'zh-CN,zh;q=0.8',
  'cookie' => 'thinkphp_show_page_trace=0|0; PHPSESSID=lacm92eroijn9b2lvllb7p4gf5; pgv_pvi=5218214912; pgv_si=s5513779200; bgColorSelectorPosition=37; menuid=5; Hm_lvt_a6653e96b23c01334bd5cbdcadc9abe2=1496305177; Hm_lpvt_a6653e96b23c01334bd5cbdcadc9abe2=1496305177',
)
[ info ] [ PARAM ] array (
)
[ info ] [ LOG ] INIT File
---------------------------------------------------------------
[ 2017-06-01T17:47:24+08:00 ] ::1 ::1 GET /YZNCMS/static/admin/css/spigPet.css
[ info ] localhost/YZNCMS/static/admin/css/spigPet.css [运行时间：0.024002s][吞吐率：41.66req/s] [内存消耗：1,118.23kb] [文件加载：31]
[ info ] [ LANG ] D:\phpStudy\WWW\YZNCMS\thinkphp\lang\zh-cn.php
[ info ] [ ROUTE ] array (
  'type' => 'module',
  'module' => 
  array (
    0 => 'static',
    1 => 'admin',
    2 => 'css',
  ),
)
[ info ] [ HEADER ] array (
  'host' => 'localhost',
  'connection' => 'keep-alive',
  'user-agent' => 'Mozilla/5.0 (Windows NT 6.1; WOW64) AppleWebKit/537.36 (KHTML, like Gecko) Chrome/58.0.3029.110 Safari/537.36',
  'accept' => 'text/css,*/*;q=0.1',
  'referer' => 'http://localhost/YZNCMS/',
  'accept-encoding' => 'gzip, deflate, sdch, br',
  'accept-language' => 'zh-CN,zh;q=0.8',
  'cookie' => 'thinkphp_show_page_trace=0|0; PHPSESSID=lacm92eroijn9b2lvllb7p4gf5; pgv_pvi=5218214912; pgv_si=s5513779200; bgColorSelectorPosition=37; menuid=5; Hm_lvt_a6653e96b23c01334bd5cbdcadc9abe2=1496305177; Hm_lpvt_a6653e96b23c01334bd5cbdcadc9abe2=1496305177',
)
[ info ] [ PARAM ] array (
)
[ info ] [ LOG ] INIT File
---------------------------------------------------------------
[ 2017-06-01T17:47:24+08:00 ] ::1 ::1 GET /YZNCMS/static/admin/js/spig.js
[ info ] localhost/YZNCMS/static/admin/js/spig.js [运行时间：0.023002s][吞吐率：43.47req/s] [内存消耗：1,118.09kb] [文件加载：31]
[ info ] [ LANG ] D:\phpStudy\WWW\YZNCMS\thinkphp\lang\zh-cn.php
[ info ] [ ROUTE ] array (
  'type' => 'module',
  'module' => 
  array (
    0 => 'static',
    1 => 'admin',
    2 => 'js',
  ),
)
[ info ] [ HEADER ] array (
  'host' => 'localhost',
  'connection' => 'keep-alive',
  'user-agent' => 'Mozilla/5.0 (Windows NT 6.1; WOW64) AppleWebKit/537.36 (KHTML, like Gecko) Chrome/58.0.3029.110 Safari/537.36',
  'accept' => '*/*',
  'referer' => 'http://localhost/YZNCMS/',
  'accept-encoding' => 'gzip, deflate, sdch, br',
  'accept-language' => 'zh-CN,zh;q=0.8',
  'cookie' => 'thinkphp_show_page_trace=0|0; PHPSESSID=lacm92eroijn9b2lvllb7p4gf5; pgv_pvi=5218214912; pgv_si=s5513779200; bgColorSelectorPosition=37; menuid=5; Hm_lvt_a6653e96b23c01334bd5cbdcadc9abe2=1496305177; Hm_lpvt_a6653e96b23c01334bd5cbdcadc9abe2=1496305177',
)
[ info ] [ PARAM ] array (
)
[ info ] [ LOG ] INIT File
---------------------------------------------------------------
[ 2017-06-01T17:47:24+08:00 ] ::1 ::1 GET /YZNCMS/static/admin/js/jquery-2.0.0.min.js
[ info ] localhost/YZNCMS/static/admin/js/jquery-2.0.0.min.js [运行时间：0.033002s][吞吐率：30.30req/s] [内存消耗：1,118.16kb] [文件加载：31]
[ info ] [ LANG ] D:\phpStudy\WWW\YZNCMS\thinkphp\lang\zh-cn.php
[ info ] [ ROUTE ] array (
  'type' => 'module',
  'module' => 
  array (
    0 => 'static',
    1 => 'admin',
    2 => 'js',
  ),
)
[ info ] [ HEADER ] array (
  'host' => 'localhost',
  'connection' => 'keep-alive',
  'user-agent' => 'Mozilla/5.0 (Windows NT 6.1; WOW64) AppleWebKit/537.36 (KHTML, like Gecko) Chrome/58.0.3029.110 Safari/537.36',
  'accept' => '*/*',
  'referer' => 'http://localhost/YZNCMS/',
  'accept-encoding' => 'gzip, deflate, sdch, br',
  'accept-language' => 'zh-CN,zh;q=0.8',
  'cookie' => 'thinkphp_show_page_trace=0|0; PHPSESSID=lacm92eroijn9b2lvllb7p4gf5; pgv_pvi=5218214912; pgv_si=s5513779200; bgColorSelectorPosition=37; menuid=5; Hm_lvt_a6653e96b23c01334bd5cbdcadc9abe2=1496305177; Hm_lpvt_a6653e96b23c01334bd5cbdcadc9abe2=1496305177',
)
[ info ] [ PARAM ] array (
)
[ info ] [ LOG ] INIT File
---------------------------------------------------------------
[ 2017-06-01T17:47:24+08:00 ] ::1 ::1 GET /YZNCMS/static/admin/js/jquery-1.7.2.js
[ info ] localhost/YZNCMS/static/admin/js/jquery-1.7.2.js [运行时间：0.032002s][吞吐率：31.25req/s] [内存消耗：1,118.17kb] [文件加载：31]
[ info ] [ LANG ] D:\phpStudy\WWW\YZNCMS\thinkphp\lang\zh-cn.php
[ info ] [ ROUTE ] array (
  'type' => 'module',
  'module' => 
  array (
    0 => 'static',
    1 => 'admin',
    2 => 'js',
  ),
)
[ info ] [ HEADER ] array (
  'host' => 'localhost',
  'connection' => 'keep-alive',
  'user-agent' => 'Mozilla/5.0 (Windows NT 6.1; WOW64) AppleWebKit/537.36 (KHTML, like Gecko) Chrome/58.0.3029.110 Safari/537.36',
  'accept' => '*/*',
  'referer' => 'http://localhost/YZNCMS/',
  'accept-encoding' => 'gzip, deflate, sdch, br',
  'accept-language' => 'zh-CN,zh;q=0.8',
  'cookie' => 'thinkphp_show_page_trace=0|0; PHPSESSID=lacm92eroijn9b2lvllb7p4gf5; pgv_pvi=5218214912; pgv_si=s5513779200; bgColorSelectorPosition=37; menuid=5; Hm_lvt_a6653e96b23c01334bd5cbdcadc9abe2=1496305177; Hm_lpvt_a6653e96b23c01334bd5cbdcadc9abe2=1496305177',
)
[ info ] [ PARAM ] array (
)
[ info ] [ LOG ] INIT File
---------------------------------------------------------------
[ 2017-06-01T17:47:24+08:00 ] ::1 ::1 GET /YZNCMS/static/admin/images/flower.jpg
[ info ] localhost/YZNCMS/static/admin/images/flower.jpg [运行时间：0.037002s][吞吐率：27.03req/s] [内存消耗：1,118.19kb] [文件加载：31]
[ info ] [ LANG ] D:\phpStudy\WWW\YZNCMS\thinkphp\lang\zh-cn.php
[ info ] [ ROUTE ] array (
  'type' => 'module',
  'module' => 
  array (
    0 => 'static',
    1 => 'admin',
    2 => 'images',
  ),
)
[ info ] [ HEADER ] array (
  'host' => 'localhost',
  'connection' => 'keep-alive',
  'user-agent' => 'Mozilla/5.0 (Windows NT 6.1; WOW64) AppleWebKit/537.36 (KHTML, like Gecko) Chrome/58.0.3029.110 Safari/537.36',
  'accept' => 'image/webp,image/*,*/*;q=0.8',
  'referer' => 'http://localhost/YZNCMS/',
  'accept-encoding' => 'gzip, deflate, sdch, br',
  'accept-language' => 'zh-CN,zh;q=0.8',
  'cookie' => 'thinkphp_show_page_trace=0|0; PHPSESSID=lacm92eroijn9b2lvllb7p4gf5; pgv_pvi=5218214912; pgv_si=s5513779200; bgColorSelectorPosition=37; menuid=5; Hm_lvt_a6653e96b23c01334bd5cbdcadc9abe2=1496305177; Hm_lpvt_a6653e96b23c01334bd5cbdcadc9abe2=1496305177',
)
[ info ] [ PARAM ] array (
)
[ info ] [ LOG ] INIT File
---------------------------------------------------------------
[ 2017-06-01T17:47:24+08:00 ] ::1 ::1 GET /YZNCMS/static/admin/js/effect/star/star.js
[ info ] localhost/YZNCMS/static/admin/js/effect/star/star.js [运行时间：0.037002s][吞吐率：27.03req/s] [内存消耗：1,118.54kb] [文件加载：31]
[ info ] [ LANG ] D:\phpStudy\WWW\YZNCMS\thinkphp\lang\zh-cn.php
[ info ] [ ROUTE ] array (
  'type' => 'module',
  'module' => 
  array (
    0 => 'static',
    1 => 'admin',
    2 => 'js',
  ),
)
[ info ] [ HEADER ] array (
  'host' => 'localhost',
  'connection' => 'keep-alive',
  'user-agent' => 'Mozilla/5.0 (Windows NT 6.1; WOW64) AppleWebKit/537.36 (KHTML, like Gecko) Chrome/58.0.3029.110 Safari/537.36',
  'accept' => '*/*',
  'referer' => 'http://localhost/YZNCMS/',
  'accept-encoding' => 'gzip, deflate, sdch, br',
  'accept-language' => 'zh-CN,zh;q=0.8',
  'cookie' => 'thinkphp_show_page_trace=0|0; PHPSESSID=lacm92eroijn9b2lvllb7p4gf5; pgv_pvi=5218214912; pgv_si=s5513779200; bgColorSelectorPosition=37; menuid=5; Hm_lvt_a6653e96b23c01334bd5cbdcadc9abe2=1496305177; Hm_lpvt_a6653e96b23c01334bd5cbdcadc9abe2=1496305177',
)
[ info ] [ PARAM ] array (
  'effect' => 'star',
)
[ info ] [ LOG ] INIT File
---------------------------------------------------------------
[ 2017-06-01T17:47:25+08:00 ] ::1 ::1 GET /YZNCMS/static/admin/css/spigPet.css
[ info ] localhost/YZNCMS/static/admin/css/spigPet.css [运行时间：0.024001s][吞吐率：41.66req/s] [内存消耗：1,118.23kb] [文件加载：31]
[ info ] [ LANG ] D:\phpStudy\WWW\YZNCMS\thinkphp\lang\zh-cn.php
[ info ] [ ROUTE ] array (
  'type' => 'module',
  'module' => 
  array (
    0 => 'static',
    1 => 'admin',
    2 => 'css',
  ),
)
[ info ] [ HEADER ] array (
  'host' => 'localhost',
  'connection' => 'keep-alive',
  'user-agent' => 'Mozilla/5.0 (Windows NT 6.1; WOW64) AppleWebKit/537.36 (KHTML, like Gecko) Chrome/58.0.3029.110 Safari/537.36',
  'accept' => 'text/css,*/*;q=0.1',
  'referer' => 'http://localhost/YZNCMS/',
  'accept-encoding' => 'gzip, deflate, sdch, br',
  'accept-language' => 'zh-CN,zh;q=0.8',
  'cookie' => 'thinkphp_show_page_trace=0|0; PHPSESSID=lacm92eroijn9b2lvllb7p4gf5; pgv_pvi=5218214912; pgv_si=s5513779200; bgColorSelectorPosition=37; menuid=5; Hm_lvt_a6653e96b23c01334bd5cbdcadc9abe2=1496305177; Hm_lpvt_a6653e96b23c01334bd5cbdcadc9abe2=1496305177',
)
[ info ] [ PARAM ] array (
)
[ info ] [ LOG ] INIT File
---------------------------------------------------------------
[ 2017-06-01T17:47:25+08:00 ] ::1 ::1 GET /YZNCMS/static/admin/js/spig.js
[ info ] localhost/YZNCMS/static/admin/js/spig.js [运行时间：0.029002s][吞吐率：34.48req/s] [内存消耗：1,118.09kb] [文件加载：31]
[ info ] [ LANG ] D:\phpStudy\WWW\YZNCMS\thinkphp\lang\zh-cn.php
[ info ] [ ROUTE ] array (
  'type' => 'module',
  'module' => 
  array (
    0 => 'static',
    1 => 'admin',
    2 => 'js',
  ),
)
[ info ] [ HEADER ] array (
  'host' => 'localhost',
  'connection' => 'keep-alive',
  'user-agent' => 'Mozilla/5.0 (Windows NT 6.1; WOW64) AppleWebKit/537.36 (KHTML, like Gecko) Chrome/58.0.3029.110 Safari/537.36',
  'accept' => '*/*',
  'referer' => 'http://localhost/YZNCMS/',
  'accept-encoding' => 'gzip, deflate, sdch, br',
  'accept-language' => 'zh-CN,zh;q=0.8',
  'cookie' => 'thinkphp_show_page_trace=0|0; PHPSESSID=lacm92eroijn9b2lvllb7p4gf5; pgv_pvi=5218214912; pgv_si=s5513779200; bgColorSelectorPosition=37; menuid=5; Hm_lvt_a6653e96b23c01334bd5cbdcadc9abe2=1496305177; Hm_lpvt_a6653e96b23c01334bd5cbdcadc9abe2=1496305177',
)
[ info ] [ PARAM ] array (
)
[ info ] [ LOG ] INIT File
---------------------------------------------------------------
[ 2017-06-01T17:47:25+08:00 ] ::1 ::1 GET /YZNCMS/static/admin/js/jquery-1.7.2.js
[ info ] localhost/YZNCMS/static/admin/js/jquery-1.7.2.js [运行时间：0.031002s][吞吐率：32.26req/s] [内存消耗：1,118.17kb] [文件加载：31]
[ info ] [ LANG ] D:\phpStudy\WWW\YZNCMS\thinkphp\lang\zh-cn.php
[ info ] [ ROUTE ] array (
  'type' => 'module',
  'module' => 
  array (
    0 => 'static',
    1 => 'admin',
    2 => 'js',
  ),
)
[ info ] [ HEADER ] array (
  'host' => 'localhost',
  'connection' => 'keep-alive',
  'user-agent' => 'Mozilla/5.0 (Windows NT 6.1; WOW64) AppleWebKit/537.36 (KHTML, like Gecko) Chrome/58.0.3029.110 Safari/537.36',
  'accept' => '*/*',
  'referer' => 'http://localhost/YZNCMS/',
  'accept-encoding' => 'gzip, deflate, sdch, br',
  'accept-language' => 'zh-CN,zh;q=0.8',
  'cookie' => 'thinkphp_show_page_trace=0|0; PHPSESSID=lacm92eroijn9b2lvllb7p4gf5; pgv_pvi=5218214912; pgv_si=s5513779200; bgColorSelectorPosition=37; menuid=5; Hm_lvt_a6653e96b23c01334bd5cbdcadc9abe2=1496305177; Hm_lpvt_a6653e96b23c01334bd5cbdcadc9abe2=1496305177',
)
[ info ] [ PARAM ] array (
)
[ info ] [ LOG ] INIT File
---------------------------------------------------------------
[ 2017-06-01T17:47:25+08:00 ] ::1 ::1 GET /YZNCMS/static/admin/flash/time4.swf
[ info ] localhost/YZNCMS/static/admin/flash/time4.swf [运行时间：0.036002s][吞吐率：27.78req/s] [内存消耗：1,118.52kb] [文件加载：31]
[ info ] [ LANG ] D:\phpStudy\WWW\YZNCMS\thinkphp\lang\zh-cn.php
[ info ] [ ROUTE ] array (
  'type' => 'module',
  'module' => 
  array (
    0 => 'static',
    1 => 'admin',
    2 => 'flash',
  ),
)
[ info ] [ HEADER ] array (
  'host' => 'localhost',
  'connection' => 'keep-alive',
  'user-agent' => 'Mozilla/5.0 (Windows NT 6.1; WOW64) AppleWebKit/537.36 (KHTML, like Gecko) Chrome/58.0.3029.110 Safari/537.36',
  'x-requested-with' => 'ShockwaveFlash/25.0.0.171',
  'accept' => '*/*',
  'referer' => 'http://localhost/YZNCMS/',
  'accept-encoding' => 'gzip, deflate, sdch, br',
  'accept-language' => 'zh-CN,zh;q=0.8',
  'cookie' => 'thinkphp_show_page_trace=0|0; PHPSESSID=lacm92eroijn9b2lvllb7p4gf5; pgv_pvi=5218214912; pgv_si=s5513779200; bgColorSelectorPosition=37; menuid=5; Hm_lvt_a6653e96b23c01334bd5cbdcadc9abe2=1496305177; Hm_lpvt_a6653e96b23c01334bd5cbdcadc9abe2=1496305177',
)
[ info ] [ PARAM ] array (
)
[ info ] [ LOG ] INIT File
---------------------------------------------------------------
[ 2017-06-01T17:47:25+08:00 ] ::1 ::1 GET /YZNCMS/static/admin/js/jquery-2.0.0.min.js
[ info ] localhost/YZNCMS/static/admin/js/jquery-2.0.0.min.js [运行时间：0.046003s][吞吐率：21.74req/s] [内存消耗：1,118.16kb] [文件加载：31]
[ info ] [ LANG ] D:\phpStudy\WWW\YZNCMS\thinkphp\lang\zh-cn.php
[ info ] [ ROUTE ] array (
  'type' => 'module',
  'module' => 
  array (
    0 => 'static',
    1 => 'admin',
    2 => 'js',
  ),
)
[ info ] [ HEADER ] array (
  'host' => 'localhost',
  'connection' => 'keep-alive',
  'user-agent' => 'Mozilla/5.0 (Windows NT 6.1; WOW64) AppleWebKit/537.36 (KHTML, like Gecko) Chrome/58.0.3029.110 Safari/537.36',
  'accept' => '*/*',
  'referer' => 'http://localhost/YZNCMS/',
  'accept-encoding' => 'gzip, deflate, sdch, br',
  'accept-language' => 'zh-CN,zh;q=0.8',
  'cookie' => 'thinkphp_show_page_trace=0|0; PHPSESSID=lacm92eroijn9b2lvllb7p4gf5; pgv_pvi=5218214912; pgv_si=s5513779200; bgColorSelectorPosition=37; menuid=5; Hm_lvt_a6653e96b23c01334bd5cbdcadc9abe2=1496305177; Hm_lpvt_a6653e96b23c01334bd5cbdcadc9abe2=1496305177',
)
[ info ] [ PARAM ] array (
)
[ info ] [ LOG ] INIT File
---------------------------------------------------------------
[ 2017-06-01T17:47:25+08:00 ] ::1 ::1 GET /YZNCMS/static/admin/js/jquery-1.7.2.js
[ info ] localhost/YZNCMS/static/admin/js/jquery-1.7.2.js [运行时间：0.021001s][吞吐率：47.62req/s] [内存消耗：1,118.17kb] [文件加载：31]
[ info ] [ LANG ] D:\phpStudy\WWW\YZNCMS\thinkphp\lang\zh-cn.php
[ info ] [ ROUTE ] array (
  'type' => 'module',
  'module' => 
  array (
    0 => 'static',
    1 => 'admin',
    2 => 'js',
  ),
)
[ info ] [ HEADER ] array (
  'host' => 'localhost',
  'connection' => 'keep-alive',
  'user-agent' => 'Mozilla/5.0 (Windows NT 6.1; WOW64) AppleWebKit/537.36 (KHTML, like Gecko) Chrome/58.0.3029.110 Safari/537.36',
  'accept' => '*/*',
  'referer' => 'http://localhost/YZNCMS/',
  'accept-encoding' => 'gzip, deflate, sdch, br',
  'accept-language' => 'zh-CN,zh;q=0.8',
  'cookie' => 'thinkphp_show_page_trace=0|0; PHPSESSID=lacm92eroijn9b2lvllb7p4gf5; pgv_pvi=5218214912; pgv_si=s5513779200; bgColorSelectorPosition=37; menuid=5; Hm_lvt_a6653e96b23c01334bd5cbdcadc9abe2=1496305177; Hm_lpvt_a6653e96b23c01334bd5cbdcadc9abe2=1496310445',
)
[ info ] [ PARAM ] array (
)
[ info ] [ LOG ] INIT File
---------------------------------------------------------------
[ 2017-06-01T17:47:25+08:00 ] ::1 ::1 GET /YZNCMS/static/admin/js/effect/star/star.js
[ info ] localhost/YZNCMS/static/admin/js/effect/star/star.js [运行时间：0.023001s][吞吐率：43.48req/s] [内存消耗：1,118.55kb] [文件加载：31]
[ info ] [ LANG ] D:\phpStudy\WWW\YZNCMS\thinkphp\lang\zh-cn.php
[ info ] [ ROUTE ] array (
  'type' => 'module',
  'module' => 
  array (
    0 => 'static',
    1 => 'admin',
    2 => 'js',
  ),
)
[ info ] [ HEADER ] array (
  'host' => 'localhost',
  'connection' => 'keep-alive',
  'user-agent' => 'Mozilla/5.0 (Windows NT 6.1; WOW64) AppleWebKit/537.36 (KHTML, like Gecko) Chrome/58.0.3029.110 Safari/537.36',
  'accept' => '*/*',
  'referer' => 'http://localhost/YZNCMS/',
  'accept-encoding' => 'gzip, deflate, sdch, br',
  'accept-language' => 'zh-CN,zh;q=0.8',
  'cookie' => 'thinkphp_show_page_trace=0|0; PHPSESSID=lacm92eroijn9b2lvllb7p4gf5; pgv_pvi=5218214912; pgv_si=s5513779200; bgColorSelectorPosition=37; menuid=5; Hm_lvt_a6653e96b23c01334bd5cbdcadc9abe2=1496305177; Hm_lpvt_a6653e96b23c01334bd5cbdcadc9abe2=1496310445',
)
[ info ] [ PARAM ] array (
  'effect' => 'star',
)
[ info ] [ LOG ] INIT File
---------------------------------------------------------------
[ 2017-06-01T17:47:25+08:00 ] ::1 ::1 GET /YZNCMS/static/admin/js/spig.js
[ info ] localhost/YZNCMS/static/admin/js/spig.js [运行时间：0.023001s][吞吐率：43.48req/s] [内存消耗：1,118.09kb] [文件加载：31]
[ info ] [ LANG ] D:\phpStudy\WWW\YZNCMS\thinkphp\lang\zh-cn.php
[ info ] [ ROUTE ] array (
  'type' => 'module',
  'module' => 
  array (
    0 => 'static',
    1 => 'admin',
    2 => 'js',
  ),
)
[ info ] [ HEADER ] array (
  'host' => 'localhost',
  'connection' => 'keep-alive',
  'user-agent' => 'Mozilla/5.0 (Windows NT 6.1; WOW64) AppleWebKit/537.36 (KHTML, like Gecko) Chrome/58.0.3029.110 Safari/537.36',
  'accept' => '*/*',
  'referer' => 'http://localhost/YZNCMS/',
  'accept-encoding' => 'gzip, deflate, sdch, br',
  'accept-language' => 'zh-CN,zh;q=0.8',
  'cookie' => 'thinkphp_show_page_trace=0|0; PHPSESSID=lacm92eroijn9b2lvllb7p4gf5; pgv_pvi=5218214912; pgv_si=s5513779200; bgColorSelectorPosition=37; menuid=5; Hm_lvt_a6653e96b23c01334bd5cbdcadc9abe2=1496305177; Hm_lpvt_a6653e96b23c01334bd5cbdcadc9abe2=1496310445',
)
[ info ] [ PARAM ] array (
)
[ info ] [ LOG ] INIT File
---------------------------------------------------------------
[ 2017-06-01T17:47:25+08:00 ] ::1 ::1 GET /YZNCMS/static/admin/css/spigPet.css
[ info ] localhost/YZNCMS/static/admin/css/spigPet.css [运行时间：0.023002s][吞吐率：43.47req/s] [内存消耗：1,118.23kb] [文件加载：31]
[ info ] [ LANG ] D:\phpStudy\WWW\YZNCMS\thinkphp\lang\zh-cn.php
[ info ] [ ROUTE ] array (
  'type' => 'module',
  'module' => 
  array (
    0 => 'static',
    1 => 'admin',
    2 => 'css',
  ),
)
[ info ] [ HEADER ] array (
  'host' => 'localhost',
  'connection' => 'keep-alive',
  'user-agent' => 'Mozilla/5.0 (Windows NT 6.1; WOW64) AppleWebKit/537.36 (KHTML, like Gecko) Chrome/58.0.3029.110 Safari/537.36',
  'accept' => 'text/css,*/*;q=0.1',
  'referer' => 'http://localhost/YZNCMS/',
  'accept-encoding' => 'gzip, deflate, sdch, br',
  'accept-language' => 'zh-CN,zh;q=0.8',
  'cookie' => 'thinkphp_show_page_trace=0|0; PHPSESSID=lacm92eroijn9b2lvllb7p4gf5; pgv_pvi=5218214912; pgv_si=s5513779200; bgColorSelectorPosition=37; menuid=5; Hm_lvt_a6653e96b23c01334bd5cbdcadc9abe2=1496305177; Hm_lpvt_a6653e96b23c01334bd5cbdcadc9abe2=1496310445',
)
[ info ] [ PARAM ] array (
)
[ info ] [ LOG ] INIT File
---------------------------------------------------------------
[ 2017-06-01T17:47:27+08:00 ] ::1 ::1 GET /YZNCMS/
[ info ] localhost/YZNCMS/ [运行时间：0.026001s][吞吐率：38.46req/s] [内存消耗：1,378.77kb] [文件加载：36]
[ info ] [ LANG ] D:\phpStudy\WWW\YZNCMS\thinkphp\lang\zh-cn.php
[ info ] [ ROUTE ] array (
  'type' => 'module',
  'module' => 
  array (
    0 => '',
    1 => NULL,
    2 => NULL,
  ),
)
[ info ] [ HEADER ] array (
  'host' => 'localhost',
  'connection' => 'keep-alive',
  'cache-control' => 'max-age=0',
  'upgrade-insecure-requests' => '1',
  'user-agent' => 'Mozilla/5.0 (Windows NT 6.1; WOW64) AppleWebKit/537.36 (KHTML, like Gecko) Chrome/58.0.3029.110 Safari/537.36',
  'accept' => 'text/html,application/xhtml+xml,application/xml;q=0.9,image/webp,*/*;q=0.8',
  'accept-encoding' => 'gzip, deflate, sdch, br',
  'accept-language' => 'zh-CN,zh;q=0.8',
  'cookie' => 'thinkphp_show_page_trace=0|0; PHPSESSID=lacm92eroijn9b2lvllb7p4gf5; pgv_pvi=5218214912; pgv_si=s5513779200; bgColorSelectorPosition=37; menuid=5; Hm_lvt_a6653e96b23c01334bd5cbdcadc9abe2=1496305177; Hm_lpvt_a6653e96b23c01334bd5cbdcadc9abe2=1496310445',
)
[ info ] [ PARAM ] array (
)
[ info ] [ RUN ] app\home\controller\Index->index[ D:\phpStudy\WWW\YZNCMS\apps\home\controller\Index.php ]
[ info ] [ VIEW ] D:\phpStudy\WWW\YZNCMS/apps/home\view\index\index.tpl.php [ array (
) ]
[ info ] [ LOG ] INIT File
---------------------------------------------------------------
[ 2017-06-01T17:47:27+08:00 ] ::1 ::1 GET /YZNCMS/static/admin/css/spigPet.css
[ info ] localhost/YZNCMS/static/admin/css/spigPet.css [运行时间：0.022001s][吞吐率：45.45req/s] [内存消耗：1,118.23kb] [文件加载：31]
[ info ] [ LANG ] D:\phpStudy\WWW\YZNCMS\thinkphp\lang\zh-cn.php
[ info ] [ ROUTE ] array (
  'type' => 'module',
  'module' => 
  array (
    0 => 'static',
    1 => 'admin',
    2 => 'css',
  ),
)
[ info ] [ HEADER ] array (
  'host' => 'localhost',
  'connection' => 'keep-alive',
  'user-agent' => 'Mozilla/5.0 (Windows NT 6.1; WOW64) AppleWebKit/537.36 (KHTML, like Gecko) Chrome/58.0.3029.110 Safari/537.36',
  'accept' => 'text/css,*/*;q=0.1',
  'referer' => 'http://localhost/YZNCMS/',
  'accept-encoding' => 'gzip, deflate, sdch, br',
  'accept-language' => 'zh-CN,zh;q=0.8',
  'cookie' => 'thinkphp_show_page_trace=0|0; PHPSESSID=lacm92eroijn9b2lvllb7p4gf5; pgv_pvi=5218214912; pgv_si=s5513779200; bgColorSelectorPosition=37; menuid=5; Hm_lvt_a6653e96b23c01334bd5cbdcadc9abe2=1496305177; Hm_lpvt_a6653e96b23c01334bd5cbdcadc9abe2=1496310445',
)
[ info ] [ PARAM ] array (
)
[ info ] [ LOG ] INIT File
---------------------------------------------------------------
[ 2017-06-01T17:47:27+08:00 ] ::1 ::1 GET /YZNCMS/static/admin/js/effect/star/star.css
[ info ] localhost/YZNCMS/static/admin/js/effect/star/star.css [运行时间：0.025001s][吞吐率：40.00req/s] [内存消耗：1,118.63kb] [文件加载：31]
[ info ] [ LANG ] D:\phpStudy\WWW\YZNCMS\thinkphp\lang\zh-cn.php
[ info ] [ ROUTE ] array (
  'type' => 'module',
  'module' => 
  array (
    0 => 'static',
    1 => 'admin',
    2 => 'js',
  ),
)
[ info ] [ HEADER ] array (
  'host' => 'localhost',
  'connection' => 'keep-alive',
  'user-agent' => 'Mozilla/5.0 (Windows NT 6.1; WOW64) AppleWebKit/537.36 (KHTML, like Gecko) Chrome/58.0.3029.110 Safari/537.36',
  'accept' => 'text/css,*/*;q=0.1',
  'referer' => 'http://localhost/YZNCMS/',
  'accept-encoding' => 'gzip, deflate, sdch, br',
  'accept-language' => 'zh-CN,zh;q=0.8',
  'cookie' => 'thinkphp_show_page_trace=0|0; PHPSESSID=lacm92eroijn9b2lvllb7p4gf5; pgv_pvi=5218214912; pgv_si=s5513779200; bgColorSelectorPosition=37; menuid=5; Hm_lvt_a6653e96b23c01334bd5cbdcadc9abe2=1496305177; Hm_lpvt_a6653e96b23c01334bd5cbdcadc9abe2=1496310445',
)
[ info ] [ PARAM ] array (
  'effect' => 'star',
)
[ info ] [ LOG ] INIT File
---------------------------------------------------------------
[ 2017-06-01T17:47:27+08:00 ] ::1 ::1 GET /YZNCMS/static/admin/css/header.css
[ info ] localhost/YZNCMS/static/admin/css/header.css [运行时间：0.027001s][吞吐率：37.04req/s] [内存消耗：1,118.19kb] [文件加载：31]
[ info ] [ LANG ] D:\phpStudy\WWW\YZNCMS\thinkphp\lang\zh-cn.php
[ info ] [ ROUTE ] array (
  'type' => 'module',
  'module' => 
  array (
    0 => 'static',
    1 => 'admin',
    2 => 'css',
  ),
)
[ info ] [ HEADER ] array (
  'host' => 'localhost',
  'connection' => 'keep-alive',
  'user-agent' => 'Mozilla/5.0 (Windows NT 6.1; WOW64) AppleWebKit/537.36 (KHTML, like Gecko) Chrome/58.0.3029.110 Safari/537.36',
  'accept' => 'text/css,*/*;q=0.1',
  'referer' => 'http://localhost/YZNCMS/',
  'accept-encoding' => 'gzip, deflate, sdch, br',
  'accept-language' => 'zh-CN,zh;q=0.8',
  'cookie' => 'thinkphp_show_page_trace=0|0; PHPSESSID=lacm92eroijn9b2lvllb7p4gf5; pgv_pvi=5218214912; pgv_si=s5513779200; bgColorSelectorPosition=37; menuid=5; Hm_lvt_a6653e96b23c01334bd5cbdcadc9abe2=1496305177; Hm_lpvt_a6653e96b23c01334bd5cbdcadc9abe2=1496310445',
)
[ info ] [ PARAM ] array (
)
[ info ] [ LOG ] INIT File
---------------------------------------------------------------
[ 2017-06-01T17:47:27+08:00 ] ::1 ::1 GET /YZNCMS/static/admin/js/jquery-1.7.2.js
[ info ] localhost/YZNCMS/static/admin/js/jquery-1.7.2.js [运行时间：0.020001s][吞吐率：50.00req/s] [内存消耗：1,118.17kb] [文件加载：31]
[ info ] [ LANG ] D:\phpStudy\WWW\YZNCMS\thinkphp\lang\zh-cn.php
[ info ] [ ROUTE ] array (
  'type' => 'module',
  'module' => 
  array (
    0 => 'static',
    1 => 'admin',
    2 => 'js',
  ),
)
[ info ] [ HEADER ] array (
  'host' => 'localhost',
  'connection' => 'keep-alive',
  'user-agent' => 'Mozilla/5.0 (Windows NT 6.1; WOW64) AppleWebKit/537.36 (KHTML, like Gecko) Chrome/58.0.3029.110 Safari/537.36',
  'accept' => '*/*',
  'referer' => 'http://localhost/YZNCMS/',
  'accept-encoding' => 'gzip, deflate, sdch, br',
  'accept-language' => 'zh-CN,zh;q=0.8',
  'cookie' => 'thinkphp_show_page_trace=0|0; PHPSESSID=lacm92eroijn9b2lvllb7p4gf5; pgv_pvi=5218214912; pgv_si=s5513779200; bgColorSelectorPosition=37; menuid=5; Hm_lvt_a6653e96b23c01334bd5cbdcadc9abe2=1496305177; Hm_lpvt_a6653e96b23c01334bd5cbdcadc9abe2=1496310445',
)
[ info ] [ PARAM ] array (
)
[ info ] [ LOG ] INIT File
---------------------------------------------------------------
[ 2017-06-01T17:47:27+08:00 ] ::1 ::1 GET /YZNCMS/static/admin/images/flower.jpg
[ info ] localhost/YZNCMS/static/admin/images/flower.jpg [运行时间：0.020001s][吞吐率：50.00req/s] [内存消耗：1,118.19kb] [文件加载：31]
[ info ] [ LANG ] D:\phpStudy\WWW\YZNCMS\thinkphp\lang\zh-cn.php
[ info ] [ ROUTE ] array (
  'type' => 'module',
  'module' => 
  array (
    0 => 'static',
    1 => 'admin',
    2 => 'images',
  ),
)
[ info ] [ HEADER ] array (
  'host' => 'localhost',
  'connection' => 'keep-alive',
  'user-agent' => 'Mozilla/5.0 (Windows NT 6.1; WOW64) AppleWebKit/537.36 (KHTML, like Gecko) Chrome/58.0.3029.110 Safari/537.36',
  'accept' => 'image/webp,image/*,*/*;q=0.8',
  'referer' => 'http://localhost/YZNCMS/',
  'accept-encoding' => 'gzip, deflate, sdch, br',
  'accept-language' => 'zh-CN,zh;q=0.8',
  'cookie' => 'thinkphp_show_page_trace=0|0; PHPSESSID=lacm92eroijn9b2lvllb7p4gf5; pgv_pvi=5218214912; pgv_si=s5513779200; bgColorSelectorPosition=37; menuid=5; Hm_lvt_a6653e96b23c01334bd5cbdcadc9abe2=1496305177; Hm_lpvt_a6653e96b23c01334bd5cbdcadc9abe2=1496310445',
)
[ info ] [ PARAM ] array (
)
[ info ] [ LOG ] INIT File
---------------------------------------------------------------
[ 2017-06-01T17:47:27+08:00 ] ::1 ::1 GET /YZNCMS/static/admin/js/spig.js
[ info ] localhost/YZNCMS/static/admin/js/spig.js [运行时间：0.024001s][吞吐率：41.66req/s] [内存消耗：1,118.09kb] [文件加载：31]
[ info ] [ LANG ] D:\phpStudy\WWW\YZNCMS\thinkphp\lang\zh-cn.php
[ info ] [ ROUTE ] array (
  'type' => 'module',
  'module' => 
  array (
    0 => 'static',
    1 => 'admin',
    2 => 'js',
  ),
)
[ info ] [ HEADER ] array (
  'host' => 'localhost',
  'connection' => 'keep-alive',
  'user-agent' => 'Mozilla/5.0 (Windows NT 6.1; WOW64) AppleWebKit/537.36 (KHTML, like Gecko) Chrome/58.0.3029.110 Safari/537.36',
  'accept' => '*/*',
  'referer' => 'http://localhost/YZNCMS/',
  'accept-encoding' => 'gzip, deflate, sdch, br',
  'accept-language' => 'zh-CN,zh;q=0.8',
  'cookie' => 'thinkphp_show_page_trace=0|0; PHPSESSID=lacm92eroijn9b2lvllb7p4gf5; pgv_pvi=5218214912; pgv_si=s5513779200; bgColorSelectorPosition=37; menuid=5; Hm_lvt_a6653e96b23c01334bd5cbdcadc9abe2=1496305177; Hm_lpvt_a6653e96b23c01334bd5cbdcadc9abe2=1496310445',
)
[ info ] [ PARAM ] array (
)
[ info ] [ LOG ] INIT File
---------------------------------------------------------------
[ 2017-06-01T17:47:27+08:00 ] ::1 ::1 GET /YZNCMS/static/admin/js/effect/star/star.js
[ info ] localhost/YZNCMS/static/admin/js/effect/star/star.js [运行时间：0.023002s][吞吐率：43.47req/s] [内存消耗：1,118.54kb] [文件加载：31]
[ info ] [ LANG ] D:\phpStudy\WWW\YZNCMS\thinkphp\lang\zh-cn.php
[ info ] [ ROUTE ] array (
  'type' => 'module',
  'module' => 
  array (
    0 => 'static',
    1 => 'admin',
    2 => 'js',
  ),
)
[ info ] [ HEADER ] array (
  'host' => 'localhost',
  'connection' => 'keep-alive',
  'user-agent' => 'Mozilla/5.0 (Windows NT 6.1; WOW64) AppleWebKit/537.36 (KHTML, like Gecko) Chrome/58.0.3029.110 Safari/537.36',
  'accept' => '*/*',
  'referer' => 'http://localhost/YZNCMS/',
  'accept-encoding' => 'gzip, deflate, sdch, br',
  'accept-language' => 'zh-CN,zh;q=0.8',
  'cookie' => 'thinkphp_show_page_trace=0|0; PHPSESSID=lacm92eroijn9b2lvllb7p4gf5; pgv_pvi=5218214912; pgv_si=s5513779200; bgColorSelectorPosition=37; menuid=5; Hm_lvt_a6653e96b23c01334bd5cbdcadc9abe2=1496305177; Hm_lpvt_a6653e96b23c01334bd5cbdcadc9abe2=1496310445',
)
[ info ] [ PARAM ] array (
  'effect' => 'star',
)
[ info ] [ LOG ] INIT File
---------------------------------------------------------------
[ 2017-06-01T17:47:27+08:00 ] ::1 ::1 GET /YZNCMS/static/admin/js/jquery-2.0.0.min.js
[ info ] localhost/YZNCMS/static/admin/js/jquery-2.0.0.min.js [运行时间：0.037002s][吞吐率：27.03req/s] [内存消耗：1,118.16kb] [文件加载：31]
[ info ] [ LANG ] D:\phpStudy\WWW\YZNCMS\thinkphp\lang\zh-cn.php
[ info ] [ ROUTE ] array (
  'type' => 'module',
  'module' => 
  array (
    0 => 'static',
    1 => 'admin',
    2 => 'js',
  ),
)
[ info ] [ HEADER ] array (
  'host' => 'localhost',
  'connection' => 'keep-alive',
  'user-agent' => 'Mozilla/5.0 (Windows NT 6.1; WOW64) AppleWebKit/537.36 (KHTML, like Gecko) Chrome/58.0.3029.110 Safari/537.36',
  'accept' => '*/*',
  'referer' => 'http://localhost/YZNCMS/',
  'accept-encoding' => 'gzip, deflate, sdch, br',
  'accept-language' => 'zh-CN,zh;q=0.8',
  'cookie' => 'thinkphp_show_page_trace=0|0; PHPSESSID=lacm92eroijn9b2lvllb7p4gf5; pgv_pvi=5218214912; pgv_si=s5513779200; bgColorSelectorPosition=37; menuid=5; Hm_lvt_a6653e96b23c01334bd5cbdcadc9abe2=1496305177; Hm_lpvt_a6653e96b23c01334bd5cbdcadc9abe2=1496310445',
)
[ info ] [ PARAM ] array (
)
[ info ] [ LOG ] INIT File
---------------------------------------------------------------
[ 2017-06-01T17:47:27+08:00 ] ::1 ::1 GET /YZNCMS/static/admin/js/effect/star/star.js
[ info ] localhost/YZNCMS/static/admin/js/effect/star/star.js [运行时间：0.020001s][吞吐率：50.00req/s] [内存消耗：1,118.55kb] [文件加载：31]
[ info ] [ LANG ] D:\phpStudy\WWW\YZNCMS\thinkphp\lang\zh-cn.php
[ info ] [ ROUTE ] array (
  'type' => 'module',
  'module' => 
  array (
    0 => 'static',
    1 => 'admin',
    2 => 'js',
  ),
)
[ info ] [ HEADER ] array (
  'host' => 'localhost',
  'connection' => 'keep-alive',
  'user-agent' => 'Mozilla/5.0 (Windows NT 6.1; WOW64) AppleWebKit/537.36 (KHTML, like Gecko) Chrome/58.0.3029.110 Safari/537.36',
  'accept' => '*/*',
  'referer' => 'http://localhost/YZNCMS/',
  'accept-encoding' => 'gzip, deflate, sdch, br',
  'accept-language' => 'zh-CN,zh;q=0.8',
  'cookie' => 'thinkphp_show_page_trace=0|0; PHPSESSID=lacm92eroijn9b2lvllb7p4gf5; pgv_pvi=5218214912; pgv_si=s5513779200; bgColorSelectorPosition=37; menuid=5; Hm_lvt_a6653e96b23c01334bd5cbdcadc9abe2=1496305177; Hm_lpvt_a6653e96b23c01334bd5cbdcadc9abe2=1496310445',
)
[ info ] [ PARAM ] array (
  'effect' => 'star',
)
[ info ] [ LOG ] INIT File
---------------------------------------------------------------
[ 2017-06-01T17:47:27+08:00 ] ::1 ::1 GET /YZNCMS/static/admin/js/jquery-2.0.0.min.js
[ info ] localhost/YZNCMS/static/admin/js/jquery-2.0.0.min.js [运行时间：0.024002s][吞吐率：41.66req/s] [内存消耗：1,118.16kb] [文件加载：31]
[ info ] [ LANG ] D:\phpStudy\WWW\YZNCMS\thinkphp\lang\zh-cn.php
[ info ] [ ROUTE ] array (
  'type' => 'module',
  'module' => 
  array (
    0 => 'static',
    1 => 'admin',
    2 => 'js',
  ),
)
[ info ] [ HEADER ] array (
  'host' => 'localhost',
  'connection' => 'keep-alive',
  'user-agent' => 'Mozilla/5.0 (Windows NT 6.1; WOW64) AppleWebKit/537.36 (KHTML, like Gecko) Chrome/58.0.3029.110 Safari/537.36',
  'accept' => '*/*',
  'referer' => 'http://localhost/YZNCMS/',
  'accept-encoding' => 'gzip, deflate, sdch, br',
  'accept-language' => 'zh-CN,zh;q=0.8',
  'cookie' => 'thinkphp_show_page_trace=0|0; PHPSESSID=lacm92eroijn9b2lvllb7p4gf5; pgv_pvi=5218214912; pgv_si=s5513779200; bgColorSelectorPosition=37; menuid=5; Hm_lvt_a6653e96b23c01334bd5cbdcadc9abe2=1496305177; Hm_lpvt_a6653e96b23c01334bd5cbdcadc9abe2=1496310445',
)
[ info ] [ PARAM ] array (
)
[ info ] [ LOG ] INIT File
---------------------------------------------------------------
[ 2017-06-01T17:47:27+08:00 ] ::1 ::1 GET /YZNCMS/static/admin/flash/time4.swf
[ info ] localhost/YZNCMS/static/admin/flash/time4.swf [运行时间：0.030002s][吞吐率：33.33req/s] [内存消耗：1,118.52kb] [文件加载：31]
[ info ] [ LANG ] D:\phpStudy\WWW\YZNCMS\thinkphp\lang\zh-cn.php
[ info ] [ ROUTE ] array (
  'type' => 'module',
  'module' => 
  array (
    0 => 'static',
    1 => 'admin',
    2 => 'flash',
  ),
)
[ info ] [ HEADER ] array (
  'host' => 'localhost',
  'connection' => 'keep-alive',
  'user-agent' => 'Mozilla/5.0 (Windows NT 6.1; WOW64) AppleWebKit/537.36 (KHTML, like Gecko) Chrome/58.0.3029.110 Safari/537.36',
  'x-requested-with' => 'ShockwaveFlash/25.0.0.171',
  'accept' => '*/*',
  'referer' => 'http://localhost/YZNCMS/',
  'accept-encoding' => 'gzip, deflate, sdch, br',
  'accept-language' => 'zh-CN,zh;q=0.8',
  'cookie' => 'thinkphp_show_page_trace=0|0; PHPSESSID=lacm92eroijn9b2lvllb7p4gf5; pgv_pvi=5218214912; pgv_si=s5513779200; bgColorSelectorPosition=37; menuid=5; Hm_lvt_a6653e96b23c01334bd5cbdcadc9abe2=1496305177; Hm_lpvt_a6653e96b23c01334bd5cbdcadc9abe2=1496310445',
)
[ info ] [ PARAM ] array (
)
[ info ] [ LOG ] INIT File
---------------------------------------------------------------
[ 2017-06-01T17:47:27+08:00 ] ::1 ::1 GET /YZNCMS/static/admin/js/spig.js
[ info ] localhost/YZNCMS/static/admin/js/spig.js [运行时间：0.027001s][吞吐率：37.04req/s] [内存消耗：1,118.09kb] [文件加载：31]
[ info ] [ LANG ] D:\phpStudy\WWW\YZNCMS\thinkphp\lang\zh-cn.php
[ info ] [ ROUTE ] array (
  'type' => 'module',
  'module' => 
  array (
    0 => 'static',
    1 => 'admin',
    2 => 'js',
  ),
)
[ info ] [ HEADER ] array (
  'host' => 'localhost',
  'connection' => 'keep-alive',
  'user-agent' => 'Mozilla/5.0 (Windows NT 6.1; WOW64) AppleWebKit/537.36 (KHTML, like Gecko) Chrome/58.0.3029.110 Safari/537.36',
  'accept' => '*/*',
  'referer' => 'http://localhost/YZNCMS/',
  'accept-encoding' => 'gzip, deflate, sdch, br',
  'accept-language' => 'zh-CN,zh;q=0.8',
  'cookie' => 'thinkphp_show_page_trace=0|0; PHPSESSID=lacm92eroijn9b2lvllb7p4gf5; pgv_pvi=5218214912; pgv_si=s5513779200; bgColorSelectorPosition=37; menuid=5; Hm_lvt_a6653e96b23c01334bd5cbdcadc9abe2=1496305177; Hm_lpvt_a6653e96b23c01334bd5cbdcadc9abe2=1496310445',
)
[ info ] [ PARAM ] array (
)
[ info ] [ LOG ] INIT File
---------------------------------------------------------------
[ 2017-06-01T17:47:27+08:00 ] ::1 ::1 GET /YZNCMS/static/admin/js/jquery-1.7.2.js
[ info ] localhost/YZNCMS/static/admin/js/jquery-1.7.2.js [运行时间：0.029001s][吞吐率：34.48req/s] [内存消耗：1,118.17kb] [文件加载：31]
[ info ] [ LANG ] D:\phpStudy\WWW\YZNCMS\thinkphp\lang\zh-cn.php
[ info ] [ ROUTE ] array (
  'type' => 'module',
  'module' => 
  array (
    0 => 'static',
    1 => 'admin',
    2 => 'js',
  ),
)
[ info ] [ HEADER ] array (
  'host' => 'localhost',
  'connection' => 'keep-alive',
  'user-agent' => 'Mozilla/5.0 (Windows NT 6.1; WOW64) AppleWebKit/537.36 (KHTML, like Gecko) Chrome/58.0.3029.110 Safari/537.36',
  'accept' => '*/*',
  'referer' => 'http://localhost/YZNCMS/',
  'accept-encoding' => 'gzip, deflate, sdch, br',
  'accept-language' => 'zh-CN,zh;q=0.8',
  'cookie' => 'thinkphp_show_page_trace=0|0; PHPSESSID=lacm92eroijn9b2lvllb7p4gf5; pgv_pvi=5218214912; pgv_si=s5513779200; bgColorSelectorPosition=37; menuid=5; Hm_lvt_a6653e96b23c01334bd5cbdcadc9abe2=1496305177; Hm_lpvt_a6653e96b23c01334bd5cbdcadc9abe2=1496310445',
)
[ info ] [ PARAM ] array (
)
[ info ] [ LOG ] INIT File
---------------------------------------------------------------
[ 2017-06-01T17:47:27+08:00 ] ::1 ::1 GET /YZNCMS/static/admin/css/spigPet.css
[ info ] localhost/YZNCMS/static/admin/css/spigPet.css [运行时间：0.037002s][吞吐率：27.03req/s] [内存消耗：1,118.23kb] [文件加载：31]
[ info ] [ LANG ] D:\phpStudy\WWW\YZNCMS\thinkphp\lang\zh-cn.php
[ info ] [ ROUTE ] array (
  'type' => 'module',
  'module' => 
  array (
    0 => 'static',
    1 => 'admin',
    2 => 'css',
  ),
)
[ info ] [ HEADER ] array (
  'host' => 'localhost',
  'connection' => 'keep-alive',
  'user-agent' => 'Mozilla/5.0 (Windows NT 6.1; WOW64) AppleWebKit/537.36 (KHTML, like Gecko) Chrome/58.0.3029.110 Safari/537.36',
  'accept' => 'text/css,*/*;q=0.1',
  'referer' => 'http://localhost/YZNCMS/',
  'accept-encoding' => 'gzip, deflate, sdch, br',
  'accept-language' => 'zh-CN,zh;q=0.8',
  'cookie' => 'thinkphp_show_page_trace=0|0; PHPSESSID=lacm92eroijn9b2lvllb7p4gf5; pgv_pvi=5218214912; pgv_si=s5513779200; bgColorSelectorPosition=37; menuid=5; Hm_lvt_a6653e96b23c01334bd5cbdcadc9abe2=1496305177; Hm_lpvt_a6653e96b23c01334bd5cbdcadc9abe2=1496310445',
)
[ info ] [ PARAM ] array (
)
[ info ] [ LOG ] INIT File
---------------------------------------------------------------
[ 2017-06-01T17:47:27+08:00 ] ::1 ::1 GET /YZNCMS/static/admin/js/effect/star/star.js
[ info ] localhost/YZNCMS/static/admin/js/effect/star/star.js [运行时间：0.023001s][吞吐率：43.48req/s] [内存消耗：1,118.54kb] [文件加载：31]
[ info ] [ LANG ] D:\phpStudy\WWW\YZNCMS\thinkphp\lang\zh-cn.php
[ info ] [ ROUTE ] array (
  'type' => 'module',
  'module' => 
  array (
    0 => 'static',
    1 => 'admin',
    2 => 'js',
  ),
)
[ info ] [ HEADER ] array (
  'host' => 'localhost',
  'connection' => 'keep-alive',
  'user-agent' => 'Mozilla/5.0 (Windows NT 6.1; WOW64) AppleWebKit/537.36 (KHTML, like Gecko) Chrome/58.0.3029.110 Safari/537.36',
  'accept' => '*/*',
  'referer' => 'http://localhost/YZNCMS/',
  'accept-encoding' => 'gzip, deflate, sdch, br',
  'accept-language' => 'zh-CN,zh;q=0.8',
  'cookie' => 'thinkphp_show_page_trace=0|0; PHPSESSID=lacm92eroijn9b2lvllb7p4gf5; pgv_pvi=5218214912; pgv_si=s5513779200; bgColorSelectorPosition=37; menuid=5; Hm_lvt_a6653e96b23c01334bd5cbdcadc9abe2=1496305177; Hm_lpvt_a6653e96b23c01334bd5cbdcadc9abe2=1496310448',
)
[ info ] [ PARAM ] array (
  'effect' => 'star',
)
[ info ] [ LOG ] INIT File
---------------------------------------------------------------
[ 2017-06-01T17:47:27+08:00 ] ::1 ::1 GET /YZNCMS/static/admin/js/spig.js
[ info ] localhost/YZNCMS/static/admin/js/spig.js [运行时间：0.021002s][吞吐率：47.61req/s] [内存消耗：1,118.09kb] [文件加载：31]
[ info ] [ LANG ] D:\phpStudy\WWW\YZNCMS\thinkphp\lang\zh-cn.php
[ info ] [ ROUTE ] array (
  'type' => 'module',
  'module' => 
  array (
    0 => 'static',
    1 => 'admin',
    2 => 'js',
  ),
)
[ info ] [ HEADER ] array (
  'host' => 'localhost',
  'connection' => 'keep-alive',
  'user-agent' => 'Mozilla/5.0 (Windows NT 6.1; WOW64) AppleWebKit/537.36 (KHTML, like Gecko) Chrome/58.0.3029.110 Safari/537.36',
  'accept' => '*/*',
  'referer' => 'http://localhost/YZNCMS/',
  'accept-encoding' => 'gzip, deflate, sdch, br',
  'accept-language' => 'zh-CN,zh;q=0.8',
  'cookie' => 'thinkphp_show_page_trace=0|0; PHPSESSID=lacm92eroijn9b2lvllb7p4gf5; pgv_pvi=5218214912; pgv_si=s5513779200; bgColorSelectorPosition=37; menuid=5; Hm_lvt_a6653e96b23c01334bd5cbdcadc9abe2=1496305177; Hm_lpvt_a6653e96b23c01334bd5cbdcadc9abe2=1496310448',
)
[ info ] [ PARAM ] array (
)
[ info ] [ LOG ] INIT File
---------------------------------------------------------------
[ 2017-06-01T17:47:27+08:00 ] ::1 ::1 GET /YZNCMS/static/admin/css/spigPet.css
[ info ] localhost/YZNCMS/static/admin/css/spigPet.css [运行时间：0.022001s][吞吐率：45.45req/s] [内存消耗：1,118.23kb] [文件加载：31]
[ info ] [ LANG ] D:\phpStudy\WWW\YZNCMS\thinkphp\lang\zh-cn.php
[ info ] [ ROUTE ] array (
  'type' => 'module',
  'module' => 
  array (
    0 => 'static',
    1 => 'admin',
    2 => 'css',
  ),
)
[ info ] [ HEADER ] array (
  'host' => 'localhost',
  'connection' => 'keep-alive',
  'user-agent' => 'Mozilla/5.0 (Windows NT 6.1; WOW64) AppleWebKit/537.36 (KHTML, like Gecko) Chrome/58.0.3029.110 Safari/537.36',
  'accept' => 'text/css,*/*;q=0.1',
  'referer' => 'http://localhost/YZNCMS/',
  'accept-encoding' => 'gzip, deflate, sdch, br',
  'accept-language' => 'zh-CN,zh;q=0.8',
  'cookie' => 'thinkphp_show_page_trace=0|0; PHPSESSID=lacm92eroijn9b2lvllb7p4gf5; pgv_pvi=5218214912; pgv_si=s5513779200; bgColorSelectorPosition=37; menuid=5; Hm_lvt_a6653e96b23c01334bd5cbdcadc9abe2=1496305177; Hm_lpvt_a6653e96b23c01334bd5cbdcadc9abe2=1496310448',
)
[ info ] [ PARAM ] array (
)
[ info ] [ LOG ] INIT File
---------------------------------------------------------------
[ 2017-06-01T17:47:29+08:00 ] ::1 ::1 GET /YZNCMS/static/admin/css/header.css
[ info ] localhost/YZNCMS/static/admin/css/header.css [运行时间：0.021001s][吞吐率：47.62req/s] [内存消耗：1,118.19kb] [文件加载：31]
[ info ] [ LANG ] D:\phpStudy\WWW\YZNCMS\thinkphp\lang\zh-cn.php
[ info ] [ ROUTE ] array (
  'type' => 'module',
  'module' => 
  array (
    0 => 'static',
    1 => 'admin',
    2 => 'css',
  ),
)
[ info ] [ HEADER ] array (
  'host' => 'localhost',
  'connection' => 'keep-alive',
  'user-agent' => 'Mozilla/5.0 (Windows NT 6.1; WOW64) AppleWebKit/537.36 (KHTML, like Gecko) Chrome/58.0.3029.110 Safari/537.36',
  'accept' => 'text/css,*/*;q=0.1',
  'referer' => 'http://localhost/YZNCMS/',
  'accept-encoding' => 'gzip, deflate, sdch, br',
  'accept-language' => 'zh-CN,zh;q=0.8',
  'cookie' => 'thinkphp_show_page_trace=0|0; PHPSESSID=lacm92eroijn9b2lvllb7p4gf5; pgv_pvi=5218214912; pgv_si=s5513779200; bgColorSelectorPosition=37; menuid=5; Hm_lvt_a6653e96b23c01334bd5cbdcadc9abe2=1496305177; Hm_lpvt_a6653e96b23c01334bd5cbdcadc9abe2=1496310448',
)
[ info ] [ PARAM ] array (
)
[ info ] [ LOG ] INIT File
---------------------------------------------------------------
[ 2017-06-01T17:47:29+08:00 ] ::1 ::1 GET /YZNCMS/static/admin/css/spigPet.css
[ info ] localhost/YZNCMS/static/admin/css/spigPet.css [运行时间：0.027002s][吞吐率：37.03req/s] [内存消耗：1,118.23kb] [文件加载：31]
[ info ] [ LANG ] D:\phpStudy\WWW\YZNCMS\thinkphp\lang\zh-cn.php
[ info ] [ ROUTE ] array (
  'type' => 'module',
  'module' => 
  array (
    0 => 'static',
    1 => 'admin',
    2 => 'css',
  ),
)
[ info ] [ HEADER ] array (
  'host' => 'localhost',
  'connection' => 'keep-alive',
  'user-agent' => 'Mozilla/5.0 (Windows NT 6.1; WOW64) AppleWebKit/537.36 (KHTML, like Gecko) Chrome/58.0.3029.110 Safari/537.36',
  'accept' => 'text/css,*/*;q=0.1',
  'referer' => 'http://localhost/YZNCMS/',
  'accept-encoding' => 'gzip, deflate, sdch, br',
  'accept-language' => 'zh-CN,zh;q=0.8',
  'cookie' => 'thinkphp_show_page_trace=0|0; PHPSESSID=lacm92eroijn9b2lvllb7p4gf5; pgv_pvi=5218214912; pgv_si=s5513779200; bgColorSelectorPosition=37; menuid=5; Hm_lvt_a6653e96b23c01334bd5cbdcadc9abe2=1496305177; Hm_lpvt_a6653e96b23c01334bd5cbdcadc9abe2=1496310448',
)
[ info ] [ PARAM ] array (
)
[ info ] [ LOG ] INIT File
---------------------------------------------------------------
[ 2017-06-01T17:47:29+08:00 ] ::1 ::1 GET /YZNCMS/static/admin/js/effect/star/star.css
[ info ] localhost/YZNCMS/static/admin/js/effect/star/star.css [运行时间：0.027001s][吞吐率：37.04req/s] [内存消耗：1,118.63kb] [文件加载：31]
[ info ] [ LANG ] D:\phpStudy\WWW\YZNCMS\thinkphp\lang\zh-cn.php
[ info ] [ ROUTE ] array (
  'type' => 'module',
  'module' => 
  array (
    0 => 'static',
    1 => 'admin',
    2 => 'js',
  ),
)
[ info ] [ HEADER ] array (
  'host' => 'localhost',
  'connection' => 'keep-alive',
  'user-agent' => 'Mozilla/5.0 (Windows NT 6.1; WOW64) AppleWebKit/537.36 (KHTML, like Gecko) Chrome/58.0.3029.110 Safari/537.36',
  'accept' => 'text/css,*/*;q=0.1',
  'referer' => 'http://localhost/YZNCMS/',
  'accept-encoding' => 'gzip, deflate, sdch, br',
  'accept-language' => 'zh-CN,zh;q=0.8',
  'cookie' => 'thinkphp_show_page_trace=0|0; PHPSESSID=lacm92eroijn9b2lvllb7p4gf5; pgv_pvi=5218214912; pgv_si=s5513779200; bgColorSelectorPosition=37; menuid=5; Hm_lvt_a6653e96b23c01334bd5cbdcadc9abe2=1496305177; Hm_lpvt_a6653e96b23c01334bd5cbdcadc9abe2=1496310448',
)
[ info ] [ PARAM ] array (
  'effect' => 'star',
)
[ info ] [ LOG ] INIT File
---------------------------------------------------------------
[ 2017-06-01T17:48:27+08:00 ] ::1 ::1 GET /YZNCMS/
[ info ] localhost/YZNCMS/ [运行时间：0.035002s][吞吐率：28.57req/s] [内存消耗：1,529.38kb] [文件加载：38]
[ info ] [ LANG ] D:\phpStudy\WWW\YZNCMS\thinkphp\lang\zh-cn.php
[ info ] [ ROUTE ] array (
  'type' => 'module',
  'module' => 
  array (
    0 => '',
    1 => NULL,
    2 => NULL,
  ),
)
[ info ] [ HEADER ] array (
  'host' => 'localhost',
  'connection' => 'keep-alive',
  'cache-control' => 'max-age=0',
  'upgrade-insecure-requests' => '1',
  'user-agent' => 'Mozilla/5.0 (Windows NT 6.1; WOW64) AppleWebKit/537.36 (KHTML, like Gecko) Chrome/58.0.3029.110 Safari/537.36',
  'accept' => 'text/html,application/xhtml+xml,application/xml;q=0.9,image/webp,*/*;q=0.8',
  'accept-encoding' => 'gzip, deflate, sdch, br',
  'accept-language' => 'zh-CN,zh;q=0.8',
  'cookie' => 'thinkphp_show_page_trace=0|0; PHPSESSID=lacm92eroijn9b2lvllb7p4gf5; pgv_pvi=5218214912; pgv_si=s5513779200; bgColorSelectorPosition=37; menuid=5; Hm_lvt_a6653e96b23c01334bd5cbdcadc9abe2=1496305177; Hm_lpvt_a6653e96b23c01334bd5cbdcadc9abe2=1496310448',
)
[ info ] [ PARAM ] array (
)
[ info ] [ RUN ] app\home\controller\Index->index[ D:\phpStudy\WWW\YZNCMS\apps\home\controller\Index.php ]
[ info ] [ VIEW ] D:\phpStudy\WWW\YZNCMS/apps/home\view\index\index.tpl.php [ array (
) ]
[ info ] [ LOG ] INIT File
---------------------------------------------------------------
[ 2017-06-01T17:48:27+08:00 ] ::1 ::1 GET /YZNCMS/static/admin/flash/time4.swf
[ info ] localhost/YZNCMS/static/admin/flash/time4.swf [运行时间：0.022001s][吞吐率：45.45req/s] [内存消耗：1,118.54kb] [文件加载：31]
[ info ] [ LANG ] D:\phpStudy\WWW\YZNCMS\thinkphp\lang\zh-cn.php
[ info ] [ ROUTE ] array (
  'type' => 'module',
  'module' => 
  array (
    0 => 'static',
    1 => 'admin',
    2 => 'flash',
  ),
)
[ info ] [ HEADER ] array (
  'host' => 'localhost',
  'connection' => 'keep-alive',
  'x-requested-with' => 'ShockwaveFlash/25.0.0.171',
  'user-agent' => 'Mozilla/5.0 (Windows NT 6.1; WOW64) AppleWebKit/537.36 (KHTML, like Gecko) Chrome/58.0.3029.110 Safari/537.36',
  'accept' => '*/*',
  'referer' => 'http://localhost/YZNCMS/',
  'accept-encoding' => 'gzip, deflate, sdch, br',
  'accept-language' => 'zh-CN,zh;q=0.8',
  'cookie' => 'thinkphp_show_page_trace=0|0; PHPSESSID=lacm92eroijn9b2lvllb7p4gf5; pgv_pvi=5218214912; pgv_si=s5513779200; bgColorSelectorPosition=37; menuid=5; Hm_lvt_a6653e96b23c01334bd5cbdcadc9abe2=1496305177; Hm_lpvt_a6653e96b23c01334bd5cbdcadc9abe2=1496310448',
)
[ info ] [ PARAM ] array (
)
[ info ] [ LOG ] INIT File
---------------------------------------------------------------
[ 2017-06-01T17:48:41+08:00 ] ::1 ::1 GET /YZNCMS/
[ info ] localhost/YZNCMS/ [运行时间：0.039003s][吞吐率：25.64req/s] [内存消耗：1,529.38kb] [文件加载：38]
[ info ] [ LANG ] D:\phpStudy\WWW\YZNCMS\thinkphp\lang\zh-cn.php
[ info ] [ ROUTE ] array (
  'type' => 'module',
  'module' => 
  array (
    0 => '',
    1 => NULL,
    2 => NULL,
  ),
)
[ info ] [ HEADER ] array (
  'host' => 'localhost',
  'connection' => 'keep-alive',
  'cache-control' => 'max-age=0',
  'upgrade-insecure-requests' => '1',
  'user-agent' => 'Mozilla/5.0 (Windows NT 6.1; WOW64) AppleWebKit/537.36 (KHTML, like Gecko) Chrome/58.0.3029.110 Safari/537.36',
  'accept' => 'text/html,application/xhtml+xml,application/xml;q=0.9,image/webp,*/*;q=0.8',
  'accept-encoding' => 'gzip, deflate, sdch, br',
  'accept-language' => 'zh-CN,zh;q=0.8',
  'cookie' => 'thinkphp_show_page_trace=0|0; PHPSESSID=lacm92eroijn9b2lvllb7p4gf5; pgv_pvi=5218214912; pgv_si=s5513779200; bgColorSelectorPosition=37; menuid=5; Hm_lvt_a6653e96b23c01334bd5cbdcadc9abe2=1496305177; Hm_lpvt_a6653e96b23c01334bd5cbdcadc9abe2=1496310508',
)
[ info ] [ PARAM ] array (
)
[ info ] [ RUN ] app\home\controller\Index->index[ D:\phpStudy\WWW\YZNCMS\apps\home\controller\Index.php ]
[ info ] [ VIEW ] D:\phpStudy\WWW\YZNCMS/apps/home\view\index\index.tpl.php [ array (
) ]
[ info ] [ LOG ] INIT File
---------------------------------------------------------------
[ 2017-06-01T17:49:10+08:00 ] ::1 ::1 GET /YZNCMS/
[ info ] localhost/YZNCMS/ [运行时间：0.030001s][吞吐率：33.33req/s] [内存消耗：1,529.38kb] [文件加载：38]
[ info ] [ LANG ] D:\phpStudy\WWW\YZNCMS\thinkphp\lang\zh-cn.php
[ info ] [ ROUTE ] array (
  'type' => 'module',
  'module' => 
  array (
    0 => '',
    1 => NULL,
    2 => NULL,
  ),
)
[ info ] [ HEADER ] array (
  'host' => 'localhost',
  'connection' => 'keep-alive',
  'cache-control' => 'max-age=0',
  'upgrade-insecure-requests' => '1',
  'user-agent' => 'Mozilla/5.0 (Windows NT 6.1; WOW64) AppleWebKit/537.36 (KHTML, like Gecko) Chrome/58.0.3029.110 Safari/537.36',
  'accept' => 'text/html,application/xhtml+xml,application/xml;q=0.9,image/webp,*/*;q=0.8',
  'accept-encoding' => 'gzip, deflate, sdch, br',
  'accept-language' => 'zh-CN,zh;q=0.8',
  'cookie' => 'thinkphp_show_page_trace=0|0; PHPSESSID=lacm92eroijn9b2lvllb7p4gf5; pgv_pvi=5218214912; pgv_si=s5513779200; bgColorSelectorPosition=37; menuid=5; Hm_lvt_a6653e96b23c01334bd5cbdcadc9abe2=1496305177; Hm_lpvt_a6653e96b23c01334bd5cbdcadc9abe2=1496310522',
)
[ info ] [ PARAM ] array (
)
[ info ] [ RUN ] app\home\controller\Index->index[ D:\phpStudy\WWW\YZNCMS\apps\home\controller\Index.php ]
[ info ] [ VIEW ] D:\phpStudy\WWW\YZNCMS/apps/home\view\index\index.tpl.php [ array (
) ]
[ info ] [ LOG ] INIT File
---------------------------------------------------------------
[ 2017-06-01T17:49:12+08:00 ] ::1 ::1 GET /YZNCMS/
[ info ] localhost/YZNCMS/ [运行时间：0.027001s][吞吐率：37.04req/s] [内存消耗：1,378.77kb] [文件加载：36]
[ info ] [ LANG ] D:\phpStudy\WWW\YZNCMS\thinkphp\lang\zh-cn.php
[ info ] [ ROUTE ] array (
  'type' => 'module',
  'module' => 
  array (
    0 => '',
    1 => NULL,
    2 => NULL,
  ),
)
[ info ] [ HEADER ] array (
  'host' => 'localhost',
  'connection' => 'keep-alive',
  'cache-control' => 'max-age=0',
  'upgrade-insecure-requests' => '1',
  'user-agent' => 'Mozilla/5.0 (Windows NT 6.1; WOW64) AppleWebKit/537.36 (KHTML, like Gecko) Chrome/58.0.3029.110 Safari/537.36',
  'accept' => 'text/html,application/xhtml+xml,application/xml;q=0.9,image/webp,*/*;q=0.8',
  'accept-encoding' => 'gzip, deflate, sdch, br',
  'accept-language' => 'zh-CN,zh;q=0.8',
  'cookie' => 'thinkphp_show_page_trace=0|0; PHPSESSID=lacm92eroijn9b2lvllb7p4gf5; pgv_pvi=5218214912; pgv_si=s5513779200; bgColorSelectorPosition=37; menuid=5; Hm_lvt_a6653e96b23c01334bd5cbdcadc9abe2=1496305177; Hm_lpvt_a6653e96b23c01334bd5cbdcadc9abe2=1496310551',
)
[ info ] [ PARAM ] array (
)
[ info ] [ RUN ] app\home\controller\Index->index[ D:\phpStudy\WWW\YZNCMS\apps\home\controller\Index.php ]
[ info ] [ VIEW ] D:\phpStudy\WWW\YZNCMS/apps/home\view\index\index.tpl.php [ array (
) ]
[ info ] [ LOG ] INIT File
---------------------------------------------------------------
[ 2017-06-01T17:49:13+08:00 ] ::1 ::1 GET /YZNCMS/
[ info ] localhost/YZNCMS/ [运行时间：0.026002s][吞吐率：38.46req/s] [内存消耗：1,378.77kb] [文件加载：36]
[ info ] [ LANG ] D:\phpStudy\WWW\YZNCMS\thinkphp\lang\zh-cn.php
[ info ] [ ROUTE ] array (
  'type' => 'module',
  'module' => 
  array (
    0 => '',
    1 => NULL,
    2 => NULL,
  ),
)
[ info ] [ HEADER ] array (
  'host' => 'localhost',
  'connection' => 'keep-alive',
  'cache-control' => 'max-age=0',
  'upgrade-insecure-requests' => '1',
  'user-agent' => 'Mozilla/5.0 (Windows NT 6.1; WOW64) AppleWebKit/537.36 (KHTML, like Gecko) Chrome/58.0.3029.110 Safari/537.36',
  'accept' => 'text/html,application/xhtml+xml,application/xml;q=0.9,image/webp,*/*;q=0.8',
  'accept-encoding' => 'gzip, deflate, sdch, br',
  'accept-language' => 'zh-CN,zh;q=0.8',
  'cookie' => 'thinkphp_show_page_trace=0|0; PHPSESSID=lacm92eroijn9b2lvllb7p4gf5; pgv_pvi=5218214912; pgv_si=s5513779200; bgColorSelectorPosition=37; menuid=5; Hm_lvt_a6653e96b23c01334bd5cbdcadc9abe2=1496305177; Hm_lpvt_a6653e96b23c01334bd5cbdcadc9abe2=1496310552',
)
[ info ] [ PARAM ] array (
)
[ info ] [ RUN ] app\home\controller\Index->index[ D:\phpStudy\WWW\YZNCMS\apps\home\controller\Index.php ]
[ info ] [ VIEW ] D:\phpStudy\WWW\YZNCMS/apps/home\view\index\index.tpl.php [ array (
) ]
[ info ] [ LOG ] INIT File
---------------------------------------------------------------
[ 2017-06-01T17:49:29+08:00 ] ::1 ::1 GET /YZNCMS/
[ info ] localhost/YZNCMS/ [运行时间：0.035002s][吞吐率：28.57req/s] [内存消耗：1,529.52kb] [文件加载：38]
[ info ] [ LANG ] D:\phpStudy\WWW\YZNCMS\thinkphp\lang\zh-cn.php
[ info ] [ ROUTE ] array (
  'type' => 'module',
  'module' => 
  array (
    0 => '',
    1 => NULL,
    2 => NULL,
  ),
)
[ info ] [ HEADER ] array (
  'host' => 'localhost',
  'connection' => 'keep-alive',
  'cache-control' => 'max-age=0',
  'upgrade-insecure-requests' => '1',
  'user-agent' => 'Mozilla/5.0 (Windows NT 6.1; WOW64) AppleWebKit/537.36 (KHTML, like Gecko) Chrome/58.0.3029.110 Safari/537.36',
  'accept' => 'text/html,application/xhtml+xml,application/xml;q=0.9,image/webp,*/*;q=0.8',
  'accept-encoding' => 'gzip, deflate, sdch, br',
  'accept-language' => 'zh-CN,zh;q=0.8',
  'cookie' => 'thinkphp_show_page_trace=0|0; PHPSESSID=lacm92eroijn9b2lvllb7p4gf5; pgv_pvi=5218214912; pgv_si=s5513779200; bgColorSelectorPosition=37; menuid=5; Hm_lvt_a6653e96b23c01334bd5cbdcadc9abe2=1496305177; Hm_lpvt_a6653e96b23c01334bd5cbdcadc9abe2=1496310553',
)
[ info ] [ PARAM ] array (
)
[ info ] [ RUN ] app\home\controller\Index->index[ D:\phpStudy\WWW\YZNCMS\apps\home\controller\Index.php ]
[ info ] [ VIEW ] D:\phpStudy\WWW\YZNCMS/apps/home\view\index\index.tpl.php [ array (
) ]
[ info ] [ LOG ] INIT File
---------------------------------------------------------------
[ 2017-06-01T17:49:43+08:00 ] ::1 ::1 GET /YZNCMS/
[ info ] localhost/YZNCMS/ [运行时间：0.033002s][吞吐率：30.30req/s] [内存消耗：1,529.35kb] [文件加载：38]
[ info ] [ LANG ] D:\phpStudy\WWW\YZNCMS\thinkphp\lang\zh-cn.php
[ info ] [ ROUTE ] array (
  'type' => 'module',
  'module' => 
  array (
    0 => '',
    1 => NULL,
    2 => NULL,
  ),
)
[ info ] [ HEADER ] array (
  'host' => 'localhost',
  'connection' => 'keep-alive',
  'cache-control' => 'max-age=0',
  'upgrade-insecure-requests' => '1',
  'user-agent' => 'Mozilla/5.0 (Windows NT 6.1; WOW64) AppleWebKit/537.36 (KHTML, like Gecko) Chrome/58.0.3029.110 Safari/537.36',
  'accept' => 'text/html,application/xhtml+xml,application/xml;q=0.9,image/webp,*/*;q=0.8',
  'accept-encoding' => 'gzip, deflate, sdch, br',
  'accept-language' => 'zh-CN,zh;q=0.8',
  'cookie' => 'thinkphp_show_page_trace=0|0; PHPSESSID=lacm92eroijn9b2lvllb7p4gf5; pgv_pvi=5218214912; pgv_si=s5513779200; bgColorSelectorPosition=37; menuid=5; Hm_lvt_a6653e96b23c01334bd5cbdcadc9abe2=1496305177; Hm_lpvt_a6653e96b23c01334bd5cbdcadc9abe2=1496310570',
)
[ info ] [ PARAM ] array (
)
[ info ] [ RUN ] app\home\controller\Index->index[ D:\phpStudy\WWW\YZNCMS\apps\home\controller\Index.php ]
[ info ] [ VIEW ] D:\phpStudy\WWW\YZNCMS/apps/home\view\index\index.tpl.php [ array (
) ]
[ info ] [ LOG ] INIT File
---------------------------------------------------------------
[ 2017-06-01T17:51:42+08:00 ] ::1 ::1 GET /YZNCMS/
[ info ] localhost/YZNCMS/ [运行时间：0.035002s][吞吐率：28.57req/s] [内存消耗：1,529.34kb] [文件加载：38]
[ info ] [ LANG ] D:\phpStudy\WWW\YZNCMS\thinkphp\lang\zh-cn.php
[ info ] [ ROUTE ] array (
  'type' => 'module',
  'module' => 
  array (
    0 => '',
    1 => NULL,
    2 => NULL,
  ),
)
[ info ] [ HEADER ] array (
  'host' => 'localhost',
  'connection' => 'keep-alive',
  'upgrade-insecure-requests' => '1',
  'user-agent' => 'Mozilla/5.0 (Windows NT 6.1; WOW64) AppleWebKit/537.36 (KHTML, like Gecko) Chrome/58.0.3029.110 Safari/537.36',
  'accept' => 'text/html,application/xhtml+xml,application/xml;q=0.9,image/webp,*/*;q=0.8',
  'referer' => 'http://localhost/YZNCMS/',
  'accept-encoding' => 'gzip, deflate, sdch, br',
  'accept-language' => 'zh-CN,zh;q=0.8',
  'cookie' => 'thinkphp_show_page_trace=0|0; PHPSESSID=lacm92eroijn9b2lvllb7p4gf5; pgv_pvi=5218214912; pgv_si=s5513779200; bgColorSelectorPosition=37; menuid=5; Hm_lvt_a6653e96b23c01334bd5cbdcadc9abe2=1496305177; Hm_lpvt_a6653e96b23c01334bd5cbdcadc9abe2=1496310583',
)
[ info ] [ PARAM ] array (
)
[ info ] [ RUN ] app\home\controller\Index->index[ D:\phpStudy\WWW\YZNCMS\apps\home\controller\Index.php ]
[ info ] [ VIEW ] D:\phpStudy\WWW\YZNCMS/apps/home\view\index\index.tpl.php [ array (
) ]
[ info ] [ LOG ] INIT File
---------------------------------------------------------------
[ 2017-06-01T18:00:49+08:00 ] ::1 ::1 GET /YZNCMS/index.php
[ info ] localhost/YZNCMS/index.php [运行时间：0.032002s][吞吐率：31.25req/s] [内存消耗：1,529.18kb] [文件加载：38]
[ info ] [ LANG ] D:\phpStudy\WWW\YZNCMS\thinkphp\lang\zh-cn.php
[ info ] [ ROUTE ] array (
  'type' => 'module',
  'module' => 
  array (
    0 => '',
    1 => NULL,
    2 => NULL,
  ),
)
[ info ] [ HEADER ] array (
  'host' => 'localhost',
  'connection' => 'keep-alive',
  'upgrade-insecure-requests' => '1',
  'user-agent' => 'Mozilla/5.0 (Windows NT 6.1; WOW64) AppleWebKit/537.36 (KHTML, like Gecko) Chrome/58.0.3029.110 Safari/537.36',
  'accept' => 'text/html,application/xhtml+xml,application/xml;q=0.9,image/webp,*/*;q=0.8',
  'accept-encoding' => 'gzip, deflate, sdch, br',
  'accept-language' => 'zh-CN,zh;q=0.8',
  'cookie' => 'thinkphp_show_page_trace=0|0; PHPSESSID=lacm92eroijn9b2lvllb7p4gf5; pgv_pvi=5218214912; pgv_si=s5513779200; bgColorSelectorPosition=37; menuid=5; Hm_lvt_a6653e96b23c01334bd5cbdcadc9abe2=1496305177; Hm_lpvt_a6653e96b23c01334bd5cbdcadc9abe2=1496310703',
)
[ info ] [ PARAM ] array (
)
[ info ] [ RUN ] app\home\controller\Index->index[ D:\phpStudy\WWW\YZNCMS\apps\home\controller\Index.php ]
[ info ] [ VIEW ] D:\phpStudy\WWW\YZNCMS/apps/home\view\index\index.tpl.php [ array (
) ]
[ info ] [ LOG ] INIT File
---------------------------------------------------------------
[ 2017-06-01T18:13:11+08:00 ] ::1 ::1 GET /YZNCMS/index.php
[ info ] localhost/YZNCMS/index.php [运行时间：0.035002s][吞吐率：28.57req/s] [内存消耗：1,529.34kb] [文件加载：38]
[ info ] [ LANG ] D:\phpStudy\WWW\YZNCMS\thinkphp\lang\zh-cn.php
[ info ] [ ROUTE ] array (
  'type' => 'module',
  'module' => 
  array (
    0 => '',
    1 => NULL,
    2 => NULL,
  ),
)
[ info ] [ HEADER ] array (
  'host' => 'localhost',
  'connection' => 'keep-alive',
  'cache-control' => 'max-age=0',
  'upgrade-insecure-requests' => '1',
  'user-agent' => 'Mozilla/5.0 (Windows NT 6.1; WOW64) AppleWebKit/537.36 (KHTML, like Gecko) Chrome/58.0.3029.110 Safari/537.36',
  'accept' => 'text/html,application/xhtml+xml,application/xml;q=0.9,image/webp,*/*;q=0.8',
  'accept-encoding' => 'gzip, deflate, sdch, br',
  'accept-language' => 'zh-CN,zh;q=0.8',
  'cookie' => 'thinkphp_show_page_trace=0|0; PHPSESSID=lacm92eroijn9b2lvllb7p4gf5; pgv_pvi=5218214912; pgv_si=s5513779200; bgColorSelectorPosition=37; menuid=5; Hm_lvt_a6653e96b23c01334bd5cbdcadc9abe2=1496305177; Hm_lpvt_a6653e96b23c01334bd5cbdcadc9abe2=1496311250',
)
[ info ] [ PARAM ] array (
)
[ info ] [ RUN ] app\home\controller\Index->index[ D:\phpStudy\WWW\YZNCMS\apps\home\controller\Index.php ]
[ info ] [ VIEW ] D:\phpStudy\WWW\YZNCMS/apps/home\view\index\index.tpl.php [ array (
) ]
[ info ] [ LOG ] INIT File
